#
# There is insufficient memory for the Java Runtime Environment to continue.
# Native memory allocation (malloc) failed to allocate 2162880 bytes. Error detail: Chunk::new
# Possible reasons:
#   The system is out of physical RAM or swap space
#   This process is running with CompressedOops enabled, and the Java Heap may be blocking the growth of the native heap
# Possible solutions:
#   Reduce memory load on the system
#   Increase physical memory or swap space
#   Check if swap backing store is full
#   Decrease Java heap size (-Xmx/-Xms)
#   Decrease number of Java threads
#   Decrease Java thread stack sizes (-Xss)
#   Set larger code cache with -XX:ReservedCodeCacheSize=
#   JVM is running with Unscaled Compressed Oops mode in which the Java heap is
#     placed in the first 4GB address space. The Java Heap base address is the
#     maximum limit for the native heap growth. Please use -XX:HeapBaseMinAddress
#     to set the Java Heap base and to place the Java Heap above 4GB virtual address.
# This output file may be truncated or incomplete.
#
#  Out of Memory Error (arena.cpp:168), pid=31644, tid=18076
#
# JRE version: OpenJDK Runtime Environment Temurin-21.0.9+10 (21.0.9+10) (build 21.0.9+10-LTS)
# Java VM: OpenJDK 64-Bit Server VM Temurin-21.0.9+10 (21.0.9+10-LTS, mixed mode, sharing, tiered, compressed oops, compressed class ptrs, parallel gc, windows-amd64)
# No core dump will be written. Minidumps are not enabled by default on client versions of Windows
#

---------------  S U M M A R Y ------------

Command Line: --add-modules=ALL-SYSTEM --add-opens=java.base/java.util=ALL-UNNAMED --add-opens=java.base/java.lang=ALL-UNNAMED --add-opens=java.base/sun.nio.fs=ALL-UNNAMED -Declipse.application=org.eclipse.jdt.ls.core.id1 -Dosgi.bundles.defaultStartLevel=4 -Declipse.product=org.eclipse.jdt.ls.core.product -Djava.import.generatesMetadataFilesAtProjectRoot=false -DDetectVMInstallationsJob.disabled=true -Dfile.encoding=utf8 -XX:+UseParallelGC -XX:GCTimeRatio=4 -XX:AdaptiveSizePolicyWeight=90 -Dsun.zip.disableMemoryMapping=true -Xmx2G -Xms100m -Xlog:disable -javaagent:c:\Users\ADMIN\.vscode\extensions\redhat.java-1.50.0-win32-x64\lombok\lombok-1.18.39-4050.jar -XX:+HeapDumpOnOutOfMemoryError -XX:HeapDumpPath=c:\Users\ADMIN\AppData\Roaming\Code\User\workspaceStorage\ee5c97c5bc3cf9c6cfd08a1005de02cf\redhat.java -Daether.dependencyCollector.impl=bf c:\Users\ADMIN\.vscode\extensions\redhat.java-1.50.0-win32-x64\server\plugins\org.eclipse.equinox.launcher_1.7.100.v20251111-0406.jar -configuration c:\Users\ADMIN\AppData\Roaming\Code\User\globalStorage\redhat.java\1.50.0\config_win -data c:\Users\ADMIN\AppData\Roaming\Code\User\workspaceStorage\ee5c97c5bc3cf9c6cfd08a1005de02cf\redhat.java\jdt_ws --pipe=\\.\pipe\lsp-be8aa81ea8b02fe24910fcb7e0c38196-sock

Host: 11th Gen Intel(R) Core(TM) i7-11800H @ 2.30GHz, 16 cores, 15G,  Windows 11 , 64 bit Build 26100 (10.0.26100.7019)
Time: Mon Dec 22 14:24:26 2025 SE Asia Standard Time elapsed time: 10.769248 seconds (0d 0h 0m 10s)

---------------  T H R E A D  ---------------

Current thread (0x0000023a50073340):  JavaThread "C2 CompilerThread2" daemon [_thread_in_native, id=18076, stack(0x000000d4e0100000,0x000000d4e0200000) (1024K)]


Current CompileTask:
C2:10769 8115 %     4       org.lombokweb.asm.SymbolTable::<init> @ 98 (554 bytes)

Stack: [0x000000d4e0100000,0x000000d4e0200000]
Native frames: (J=compiled Java code, j=interpreted, Vv=VM code, C=native code)
V  [jvm.dll+0x6d6e29]
V  [jvm.dll+0x8b4b76]
V  [jvm.dll+0x8b712e]
V  [jvm.dll+0x8b7813]
V  [jvm.dll+0x283d86]
V  [jvm.dll+0xc66ed]
V  [jvm.dll+0xc6c31]
V  [jvm.dll+0x3be53b]
V  [jvm.dll+0x1e3d59]
V  [jvm.dll+0x24c0f3]
V  [jvm.dll+0x24b580]
V  [jvm.dll+0x1cb13e]
V  [jvm.dll+0x25b29d]
V  [jvm.dll+0x25982a]
V  [jvm.dll+0x3f7ea6]
V  [jvm.dll+0x85e9ad]
V  [jvm.dll+0x6d565d]
C  [ucrtbase.dll+0x37b0]
C  [KERNEL32.DLL+0x2e8d7]
C  [ntdll.dll+0x8c53c]


---------------  P R O C E S S  ---------------

Threads class SMR info:
_java_thread_list=0x0000023a5449fa30, length=62, elements={
0x0000023a6d6ea660, 0x0000023a6fb7e4e0, 0x0000023a78b44420, 0x0000023a78b50c40,
0x0000023a78b51890, 0x0000023a78b550f0, 0x0000023a78b5ffa0, 0x0000023a78b6aa50,
0x0000023a78b6c1e0, 0x0000023a78c314f0, 0x0000023a78b5f910, 0x0000023a78b619e0,
0x0000023a78b60630, 0x0000023a78b60cc0, 0x0000023a78b5ebf0, 0x0000023a78b5e560,
0x0000023a78b5f280, 0x0000023a7fa48c00, 0x0000023a7fa49fb0, 0x0000023a7fa4b9f0,
0x0000023a7fa48570, 0x0000023a7fa49920, 0x0000023a7fa4a640, 0x0000023a7fa4b360,
0x0000023a7fa4c080, 0x0000023a7fa4c710, 0x0000023a7fa49290, 0x0000023a7fa4d430,
0x0000023a7fa4acd0, 0x0000023a7fa4e150, 0x0000023a7fa4e7e0, 0x0000023a7fa4dac0,
0x0000023a7fa4f500, 0x0000023a7fa4ee70, 0x0000023a7fa4cda0, 0x0000023a527b2650,
0x0000023a527b2ce0, 0x0000023a527b3370, 0x0000023a527b1fc0, 0x0000023a527b3a00,
0x0000023a527b4090, 0x0000023a527b0c10, 0x0000023a527b1930, 0x0000023a527b4720,
0x0000023a527b12a0, 0x0000023a527b4db0, 0x0000023a527b7510, 0x0000023a527b5440,
0x0000023a527b6e80, 0x0000023a527b7ba0, 0x0000023a527b8230, 0x0000023a527b67f0,
0x0000023a527b6160, 0x0000023a527b5ad0, 0x0000023a500697e0, 0x0000023a5006bf40,
0x0000023a5006d2f0, 0x0000023a50069e70, 0x0000023a5006b8b0, 0x0000023a5006a500,
0x0000023a50071ed0, 0x0000023a50073340
}

Java Threads: ( => current thread )
  0x0000023a6d6ea660 JavaThread "main"                              [_thread_blocked, id=30972, stack(0x000000d4df100000,0x000000d4df200000) (1024K)]
  0x0000023a6fb7e4e0 JavaThread "Reference Handler"          daemon [_thread_blocked, id=24312, stack(0x000000d4df500000,0x000000d4df600000) (1024K)]
  0x0000023a78b44420 JavaThread "Finalizer"                  daemon [_thread_blocked, id=4736, stack(0x000000d4df600000,0x000000d4df700000) (1024K)]
  0x0000023a78b50c40 JavaThread "Signal Dispatcher"          daemon [_thread_blocked, id=6340, stack(0x000000d4df700000,0x000000d4df800000) (1024K)]
  0x0000023a78b51890 JavaThread "Attach Listener"            daemon [_thread_blocked, id=22096, stack(0x000000d4df800000,0x000000d4df900000) (1024K)]
  0x0000023a78b550f0 JavaThread "Service Thread"             daemon [_thread_blocked, id=19872, stack(0x000000d4df900000,0x000000d4dfa00000) (1024K)]
  0x0000023a78b5ffa0 JavaThread "Monitor Deflation Thread"   daemon [_thread_blocked, id=23520, stack(0x000000d4dfa00000,0x000000d4dfb00000) (1024K)]
  0x0000023a78b6aa50 JavaThread "C2 CompilerThread0"         daemon [_thread_in_native, id=13916, stack(0x000000d4dfb00000,0x000000d4dfc00000) (1024K)]
  0x0000023a78b6c1e0 JavaThread "C1 CompilerThread0"         daemon [_thread_in_native, id=13304, stack(0x000000d4dfc00000,0x000000d4dfd00000) (1024K)]
  0x0000023a78c314f0 JavaThread "C1 CompilerThread1"         daemon [_thread_in_native, id=14156, stack(0x000000d4dfd00000,0x000000d4dfe00000) (1024K)]
  0x0000023a78b5f910 JavaThread "Common-Cleaner"             daemon [_thread_blocked, id=33344, stack(0x000000d4dfe00000,0x000000d4dff00000) (1024K)]
  0x0000023a78b619e0 JavaThread "Notification Thread"        daemon [_thread_blocked, id=5004, stack(0x000000d4e0200000,0x000000d4e0300000) (1024K)]
  0x0000023a78b60630 JavaThread "Active Thread: Equinox Container: e782e688-77b0-4a2e-a23e-fc5334eb9571"        [_thread_blocked, id=9728, stack(0x000000d4e0b00000,0x000000d4e0c00000) (1024K)]
  0x0000023a78b60cc0 JavaThread "Refresh Thread: Equinox Container: e782e688-77b0-4a2e-a23e-fc5334eb9571" daemon [_thread_blocked, id=19396, stack(0x000000d4e0d00000,0x000000d4e0e00000) (1024K)]
  0x0000023a78b5ebf0 JavaThread "Framework Event Dispatcher: Equinox Container: e782e688-77b0-4a2e-a23e-fc5334eb9571" daemon [_thread_blocked, id=12400, stack(0x000000d4e0e00000,0x000000d4e0f00000) (1024K)]
  0x0000023a78b5e560 JavaThread "Start Level: Equinox Container: e782e688-77b0-4a2e-a23e-fc5334eb9571" daemon [_thread_blocked, id=11872, stack(0x000000d4e0f00000,0x000000d4e1000000) (1024K)]
  0x0000023a78b5f280 JavaThread "Bundle File Closer"         daemon [_thread_blocked, id=21172, stack(0x000000d4e1300000,0x000000d4e1400000) (1024K)]
  0x0000023a7fa48c00 JavaThread "SCR Component Actor"        daemon [_thread_blocked, id=4880, stack(0x000000d4e1400000,0x000000d4e1500000) (1024K)]
  0x0000023a7fa49fb0 JavaThread "Worker-JM"                         [_thread_blocked, id=27200, stack(0x000000d4e1500000,0x000000d4e1600000) (1024K)]
  0x0000023a7fa4b9f0 JavaThread "JNA Cleaner"                daemon [_thread_blocked, id=27196, stack(0x000000d4e1600000,0x000000d4e1700000) (1024K)]
  0x0000023a7fa48570 JavaThread "Worker-0"                          [_thread_blocked, id=27336, stack(0x000000d4e1700000,0x000000d4e1800000) (1024K)]
  0x0000023a7fa49920 JavaThread "Worker-1"                          [_thread_blocked, id=17760, stack(0x000000d4e1800000,0x000000d4e1900000) (1024K)]
  0x0000023a7fa4a640 JavaThread "Java indexing"              daemon [_thread_blocked, id=13528, stack(0x000000d4e1b00000,0x000000d4e1c00000) (1024K)]
  0x0000023a7fa4b360 JavaThread "Worker-2: Initialize workspace"        [_thread_blocked, id=31652, stack(0x000000d4e1f00000,0x000000d4e2000000) (1024K)]
  0x0000023a7fa4c080 JavaThread "Worker-3"                          [_thread_blocked, id=3644, stack(0x000000d4e2000000,0x000000d4e2100000) (1024K)]
  0x0000023a7fa4c710 JavaThread "Thread-1"                   daemon [_thread_in_native, id=32444, stack(0x000000d4e2100000,0x000000d4e2200000) (1024K)]
  0x0000023a7fa49290 JavaThread "Thread-2"                   daemon [_thread_in_native, id=12440, stack(0x000000d4e2200000,0x000000d4e2300000) (1024K)]
  0x0000023a7fa4d430 JavaThread "Thread-3"                   daemon [_thread_in_native, id=17812, stack(0x000000d4e2300000,0x000000d4e2400000) (1024K)]
  0x0000023a7fa4acd0 JavaThread "Thread-4"                   daemon [_thread_in_native, id=24276, stack(0x000000d4e2400000,0x000000d4e2500000) (1024K)]
  0x0000023a7fa4e150 JavaThread "Thread-5"                   daemon [_thread_in_native, id=27876, stack(0x000000d4e2500000,0x000000d4e2600000) (1024K)]
  0x0000023a7fa4e7e0 JavaThread "Thread-6"                   daemon [_thread_in_native, id=3528, stack(0x000000d4e2600000,0x000000d4e2700000) (1024K)]
  0x0000023a7fa4dac0 JavaThread "Thread-7"                   daemon [_thread_in_native, id=14240, stack(0x000000d4e2700000,0x000000d4e2800000) (1024K)]
  0x0000023a7fa4f500 JavaThread "Thread-8"                   daemon [_thread_in_native, id=32304, stack(0x000000d4e2800000,0x000000d4e2900000) (1024K)]
  0x0000023a7fa4ee70 JavaThread "Thread-9"                   daemon [_thread_in_native, id=29876, stack(0x000000d4e2900000,0x000000d4e2a00000) (1024K)]
  0x0000023a7fa4cda0 JavaThread "Thread-10"                  daemon [_thread_in_native, id=32632, stack(0x000000d4e2a00000,0x000000d4e2b00000) (1024K)]
  0x0000023a527b2650 JavaThread "Thread-11"                  daemon [_thread_in_native, id=8280, stack(0x000000d4e2b00000,0x000000d4e2c00000) (1024K)]
  0x0000023a527b2ce0 JavaThread "Thread-12"                  daemon [_thread_in_native, id=27004, stack(0x000000d4e2c00000,0x000000d4e2d00000) (1024K)]
  0x0000023a527b3370 JavaThread "Thread-13"                  daemon [_thread_in_native, id=6828, stack(0x000000d4e2d00000,0x000000d4e2e00000) (1024K)]
  0x0000023a527b1fc0 JavaThread "Thread-14"                  daemon [_thread_in_native, id=20576, stack(0x000000d4e2e00000,0x000000d4e2f00000) (1024K)]
  0x0000023a527b3a00 JavaThread "Thread-15"                  daemon [_thread_in_native, id=21932, stack(0x000000d4e2f00000,0x000000d4e3000000) (1024K)]
  0x0000023a527b4090 JavaThread "Thread-16"                  daemon [_thread_in_native, id=17404, stack(0x000000d4e3000000,0x000000d4e3100000) (1024K)]
  0x0000023a527b0c10 JavaThread "Thread-17"                  daemon [_thread_in_native, id=29092, stack(0x000000d4e3100000,0x000000d4e3200000) (1024K)]
  0x0000023a527b1930 JavaThread "pool-2-thread-1"                   [_thread_blocked, id=10924, stack(0x000000d4e3200000,0x000000d4e3300000) (1024K)]
  0x0000023a527b4720 JavaThread "WorkspaceEventsHandler"            [_thread_blocked, id=9760, stack(0x000000d4e3300000,0x000000d4e3400000) (1024K)]
  0x0000023a527b12a0 JavaThread "pool-1-thread-1"                   [_thread_in_Java, id=26480, stack(0x000000d4e3400000,0x000000d4e3500000) (1024K)]
  0x0000023a527b4db0 JavaThread "ForkJoinPool.commonPool-worker-1" daemon [_thread_blocked, id=22832, stack(0x000000d4e3500000,0x000000d4e3600000) (1024K)]
  0x0000023a527b7510 JavaThread "ForkJoinPool.commonPool-worker-2" daemon [_thread_blocked, id=9848, stack(0x000000d4e3600000,0x000000d4e3700000) (1024K)]
  0x0000023a527b5440 JavaThread "ForkJoinPool.commonPool-worker-3" daemon [_thread_blocked, id=18948, stack(0x000000d4e3700000,0x000000d4e3800000) (1024K)]
  0x0000023a527b6e80 JavaThread "ForkJoinPool.commonPool-worker-4" daemon [_thread_blocked, id=21556, stack(0x000000d4e3800000,0x000000d4e3900000) (1024K)]
  0x0000023a527b7ba0 JavaThread "ForkJoinPool.commonPool-worker-5" daemon [_thread_blocked, id=33000, stack(0x000000d4e3900000,0x000000d4e3a00000) (1024K)]
  0x0000023a527b8230 JavaThread "ForkJoinPool.commonPool-worker-6" daemon [_thread_blocked, id=12384, stack(0x000000d4e3a00000,0x000000d4e3b00000) (1024K)]
  0x0000023a527b67f0 JavaThread "ForkJoinPool.commonPool-worker-7" daemon [_thread_blocked, id=24440, stack(0x000000d4e3b00000,0x000000d4e3c00000) (1024K)]
  0x0000023a527b6160 JavaThread "ForkJoinPool.commonPool-worker-8" daemon [_thread_blocked, id=31364, stack(0x000000d4e3c00000,0x000000d4e3d00000) (1024K)]
  0x0000023a527b5ad0 JavaThread "ForkJoinPool.commonPool-worker-9" daemon [_thread_blocked, id=13812, stack(0x000000d4e3d00000,0x000000d4e3e00000) (1024K)]
  0x0000023a500697e0 JavaThread "ForkJoinPool.commonPool-worker-10" daemon [_thread_blocked, id=440, stack(0x000000d4e3e00000,0x000000d4e3f00000) (1024K)]
  0x0000023a5006bf40 JavaThread "ForkJoinPool.commonPool-worker-11" daemon [_thread_blocked, id=2484, stack(0x000000d4e3f00000,0x000000d4e4000000) (1024K)]
  0x0000023a5006d2f0 JavaThread "ForkJoinPool.commonPool-worker-12" daemon [_thread_blocked, id=7216, stack(0x000000d4e4000000,0x000000d4e4100000) (1024K)]
  0x0000023a50069e70 JavaThread "ForkJoinPool.commonPool-worker-13" daemon [_thread_blocked, id=5572, stack(0x000000d4e4100000,0x000000d4e4200000) (1024K)]
  0x0000023a5006b8b0 JavaThread "ForkJoinPool.commonPool-worker-14" daemon [_thread_blocked, id=12116, stack(0x000000d4e4200000,0x000000d4e4300000) (1024K)]
  0x0000023a5006a500 JavaThread "ForkJoinPool.commonPool-worker-15" daemon [_thread_blocked, id=2212, stack(0x000000d4e4300000,0x000000d4e4400000) (1024K)]
  0x0000023a50071ed0 JavaThread "C2 CompilerThread1"         daemon [_thread_in_native, id=19032, stack(0x000000d4dff00000,0x000000d4e0000000) (1024K)]
=>0x0000023a50073340 JavaThread "C2 CompilerThread2"         daemon [_thread_in_native, id=18076, stack(0x000000d4e0100000,0x000000d4e0200000) (1024K)]
Total: 62

Other Threads:
  0x0000023a6fb648a0 VMThread "VM Thread"                           [id=13876, stack(0x000000d4df400000,0x000000d4df500000) (1024K)]
  0x0000023a6fc3a250 WatcherThread "VM Periodic Task Thread"        [id=2340, stack(0x000000d4df300000,0x000000d4df400000) (1024K)]
  0x0000023a6fbeacf0 WorkerThread "GC Thread#0"                     [id=1832, stack(0x000000d4df200000,0x000000d4df300000) (1024K)]
  0x0000023a7a86df60 WorkerThread "GC Thread#1"                     [id=11748, stack(0x000000d4e0400000,0x000000d4e0500000) (1024K)]
  0x0000023a7a7f5bb0 WorkerThread "GC Thread#2"                     [id=15808, stack(0x000000d4e0500000,0x000000d4e0600000) (1024K)]
  0x0000023a7f2ded60 WorkerThread "GC Thread#3"                     [id=31872, stack(0x000000d4e0600000,0x000000d4e0700000) (1024K)]
  0x0000023a7f2df100 WorkerThread "GC Thread#4"                     [id=31036, stack(0x000000d4e0700000,0x000000d4e0800000) (1024K)]
  0x0000023a7f2df4a0 WorkerThread "GC Thread#5"                     [id=31960, stack(0x000000d4e0800000,0x000000d4e0900000) (1024K)]
  0x0000023a7f0e7ff0 WorkerThread "GC Thread#6"                     [id=23488, stack(0x000000d4e0900000,0x000000d4e0a00000) (1024K)]
  0x0000023a7f30f900 WorkerThread "GC Thread#7"                     [id=21592, stack(0x000000d4e0c00000,0x000000d4e0d00000) (1024K)]
  0x0000023a7f342ad0 WorkerThread "GC Thread#8"                     [id=5392, stack(0x000000d4e1000000,0x000000d4e1100000) (1024K)]
  0x0000023a7f343950 WorkerThread "GC Thread#9"                     [id=6844, stack(0x000000d4e1100000,0x000000d4e1200000) (1024K)]
  0x0000023a7f343210 WorkerThread "GC Thread#10"                    [id=33148, stack(0x000000d4e1200000,0x000000d4e1300000) (1024K)]
  0x0000023a7f341ff0 WorkerThread "GC Thread#11"                    [id=31748, stack(0x000000d4e0300000,0x000000d4e0400000) (1024K)]
  0x0000023a7f342390 WorkerThread "GC Thread#12"                    [id=31904, stack(0x000000d4e0a00000,0x000000d4e0b00000) (1024K)]
Total: 15

Threads with active compile tasks:
C2 CompilerThread0  10796 8211       4       java.util.Properties$LineReader::readLine (584 bytes)
C1 CompilerThread0  10796 8245       3       lombok.core.AST::replaceNewWithExistingOld (107 bytes)
C1 CompilerThread1  10796 8247       3       org.eclipse.jdt.internal.compiler.parser.ScannerHelper::isWhitespace (26 bytes)
C2 CompilerThread1  10796 8148       4       org.lombokweb.asm.ClassReader::readMethod (1070 bytes)
C2 CompilerThread2  10796 8115 %     4       org.lombokweb.asm.SymbolTable::<init> @ 98 (554 bytes)
Total: 5

VM state: not at safepoint (normal execution)

VM Mutex/Monitor currently owned by a thread: None

Heap address: 0x0000000080000000, size: 2048 MB, Compressed Oops mode: 32-bit

CDS archive(s) mapped at: [0x0000023a0f000000-0x0000023a0fba0000-0x0000023a0fba0000), size 12189696, SharedBaseAddress: 0x0000023a0f000000, ArchiveRelocationMode: 1.
Compressed class space mapped at: 0x0000023a10000000-0x0000023a50000000, reserved size: 1073741824
Narrow klass base: 0x0000023a0f000000, Narrow klass shift: 0, Narrow klass range: 0x100000000

GC Precious Log:
 CardTable entry size: 512
 CPUs: 16 total, 16 available
 Memory: 16063M
 Large Page Support: Disabled
 NUMA Support: Disabled
 Compressed Oops: Enabled (32-bit)
 Alignments: Space 512K, Generation 512K, Heap 2M
 Heap Min Capacity: 100M
 Heap Initial Capacity: 100M
 Heap Max Capacity: 2G
 Pre-touch: Disabled
 Parallel Workers: 13

Heap:
 PSYoungGen      total 23040K, used 19586K [0x00000000d5580000, 0x00000000d7100000, 0x0000000100000000)
  eden space 22016K, 85% used [0x00000000d5580000,0x00000000d67d2ea8,0x00000000d6b00000)
  from space 1024K, 80% used [0x00000000d7000000,0x00000000d70cdac0,0x00000000d7100000)
  to   space 1536K, 0% used [0x00000000d6e00000,0x00000000d6e00000,0x00000000d6f80000)
 ParOldGen       total 68608K, used 53876K [0x0000000080000000, 0x0000000084300000, 0x00000000d5580000)
  object space 68608K, 78% used [0x0000000080000000,0x000000008349d1f0,0x0000000084300000)
 Metaspace       used 55430K, committed 56896K, reserved 1114112K
  class space    used 5984K, committed 6656K, reserved 1048576K

Card table byte_map: [0x0000023a6f570000,0x0000023a6f980000] _byte_map_base: 0x0000023a6f170000

Marking Bits: (ParMarkBitMap*) 0x00007ffad6b92460
 Begin Bits: [0x0000023a73080000, 0x0000023a75080000)
 End Bits:   [0x0000023a75080000, 0x0000023a77080000)

Polling page: 0x0000023a6d990000

Metaspace:

Usage:
  Non-class:     48.29 MB used.
      Class:      5.84 MB used.
       Both:     54.13 MB used.

Virtual space:
  Non-class space:       64.00 MB reserved,      49.06 MB ( 77%) committed,  1 nodes.
      Class space:        1.00 GB reserved,       6.50 MB ( <1%) committed,  1 nodes.
             Both:        1.06 GB reserved,      55.56 MB (  5%) committed. 

Chunk freelists:
   Non-Class:  14.97 MB
       Class:  9.35 MB
        Both:  24.32 MB

MaxMetaspaceSize: unlimited
CompressedClassSpaceSize: 1.00 GB
Initial GC threshold: 21.00 MB
Current GC threshold: 58.38 MB
CDS: on
 - commit_granule_bytes: 65536.
 - commit_granule_words: 8192.
 - virtual_space_node_default_size: 8388608.
 - enlarge_chunks_in_place: 1.
 - use_allocation_guard: 0.


Internal statistics:

num_allocs_failed_limit: 8.
num_arena_births: 1036.
num_arena_deaths: 14.
num_vsnodes_births: 2.
num_vsnodes_deaths: 0.
num_space_committed: 889.
num_space_uncommitted: 0.
num_chunks_returned_to_freelist: 22.
num_chunks_taken_from_freelist: 3560.
num_chunk_merges: 9.
num_chunk_splits: 2209.
num_chunks_enlarged: 1298.
num_inconsistent_stats: 0.

CodeHeap 'non-profiled nmethods': size=119168Kb used=4667Kb max_used=4667Kb free=114500Kb
 bounds [0x0000023a07ba0000, 0x0000023a08030000, 0x0000023a0f000000]
CodeHeap 'profiled nmethods': size=119104Kb used=16953Kb max_used=16953Kb free=102151Kb
 bounds [0x0000023a00000000, 0x0000023a01090000, 0x0000023a07450000]
CodeHeap 'non-nmethods': size=7488Kb used=1973Kb max_used=3158Kb free=5514Kb
 bounds [0x0000023a07450000, 0x0000023a07780000, 0x0000023a07ba0000]
CodeCache: size=245760Kb, used=23593Kb, max_used=24778Kb, free=222165Kb
 total_blobs=8355, nmethods=7647, adapters=613, full_count=0
Compilation: enabled, stopped_count=0, restarted_count=0

Compilation events (20 events):
Event: 9.676 Thread 0x0000023a78b6c1e0 nmethod 8203 0x0000023a08021b90 code [0x0000023a08021d20, 0x0000023a08021de8]
Event: 9.677 Thread 0x0000023a78c314f0 nmethod 8201 0x0000023a01072b10 code [0x0000023a01072d00, 0x0000023a010731b8]
Event: 9.677 Thread 0x0000023a78c314f0 8204       3       org.eclipse.jdt.internal.compiler.ast.SingleTypeReference::getTypeName (12 bytes)
Event: 9.677 Thread 0x0000023a78c314f0 nmethod 8204 0x0000023a01073410 code [0x0000023a010735c0, 0x0000023a010738b0]
Event: 9.696 Thread 0x0000023a78c314f0 8205       3       org.eclipse.jdt.internal.core.JavaElementInfo::<init> (5 bytes)
Event: 9.696 Thread 0x0000023a78c314f0 nmethod 8205 0x0000023a01073990 code [0x0000023a01073b40, 0x0000023a01073ca8]
Event: 9.696 Thread 0x0000023a78b6aa50 nmethod 8174 0x0000023a08021e90 code [0x0000023a080222c0, 0x0000023a08025b88]
Event: 9.697 Thread 0x0000023a78b6aa50 8185       4       java.util.HashMap$HashIterator::<init> (79 bytes)
Event: 9.699 Thread 0x0000023a78b6aa50 nmethod 8185 0x0000023a08027f10 code [0x0000023a080280a0, 0x0000023a08028318]
Event: 9.699 Thread 0x0000023a78b6aa50 8171       4       java.lang.String::split (242 bytes)
Event: 9.700 Thread 0x0000023a78c314f0 8206       1       org.eclipse.jdt.internal.core.OpenableElementInfo::getChildren (5 bytes)
Event: 9.700 Thread 0x0000023a78c314f0 nmethod 8206 0x0000023a08028490 code [0x0000023a08028620, 0x0000023a080286e8]
Event: 9.700 Thread 0x0000023a78c314f0 8207       3       org.eclipse.jdt.internal.core.JavaModelCache::putInfo (218 bytes)
Event: 9.701 Thread 0x0000023a78c314f0 nmethod 8207 0x0000023a01073d90 code [0x0000023a01074120, 0x0000023a01075c58]
Event: 9.742 Thread 0x0000023a78c314f0 8208       3       java.lang.ThreadLocal$ThreadLocalMap::cleanSomeSlots (61 bytes)
Event: 9.742 Thread 0x0000023a78c314f0 nmethod 8208 0x0000023a01076190 code [0x0000023a01076380, 0x0000023a01076880]
Event: 9.743 Thread 0x0000023a78b6aa50 nmethod 8171 0x0000023a08028790 code [0x0000023a08028aa0, 0x0000023a0802af60]
Event: 9.743 Thread 0x0000023a78b6aa50 8183       4       java.util.regex.Pattern$Branch::match (66 bytes)
Event: 9.745 Thread 0x0000023a78b6aa50 nmethod 8183 0x0000023a0802c990 code [0x0000023a0802cb40, 0x0000023a0802cd48]
Event: 9.745 Thread 0x0000023a78b6aa50 8158       4       org.lombokweb.asm.SymbolTable::addConstantMemberReference (147 bytes)

GC Heap History (20 events):
Event: 7.557 GC heap before
{Heap before GC invocations=25 (full 2):
 PSYoungGen      total 22528K, used 22528K [0x00000000d5580000, 0x00000000d7700000, 0x0000000100000000)
  eden space 22016K, 100% used [0x00000000d5580000,0x00000000d6b00000,0x00000000d6b00000)
  from space 512K, 100% used [0x00000000d7680000,0x00000000d7700000,0x00000000d7700000)
  to   space 1024K, 0% used [0x00000000d7500000,0x00000000d7500000,0x00000000d7600000)
 ParOldGen       total 68608K, used 38233K [0x0000000080000000, 0x0000000084300000, 0x00000000d5580000)
  object space 68608K, 55% used [0x0000000080000000,0x0000000082556688,0x0000000084300000)
 Metaspace       used 48447K, committed 49792K, reserved 1114112K
  class space    used 5249K, committed 5824K, reserved 1048576K
}
Event: 7.559 GC heap after
{Heap after GC invocations=25 (full 2):
 PSYoungGen      total 23040K, used 664K [0x00000000d5580000, 0x00000000d7700000, 0x0000000100000000)
  eden space 22016K, 0% used [0x00000000d5580000,0x00000000d5580000,0x00000000d6b00000)
  from space 1024K, 64% used [0x00000000d7500000,0x00000000d75a61c8,0x00000000d7600000)
  to   space 1024K, 0% used [0x00000000d7600000,0x00000000d7600000,0x00000000d7700000)
 ParOldGen       total 68608K, used 38796K [0x0000000080000000, 0x0000000084300000, 0x00000000d5580000)
  object space 68608K, 56% used [0x0000000080000000,0x00000000825e31f8,0x0000000084300000)
 Metaspace       used 48447K, committed 49792K, reserved 1114112K
  class space    used 5249K, committed 5824K, reserved 1048576K
}
Event: 7.651 GC heap before
{Heap before GC invocations=26 (full 2):
 PSYoungGen      total 23040K, used 22680K [0x00000000d5580000, 0x00000000d7700000, 0x0000000100000000)
  eden space 22016K, 100% used [0x00000000d5580000,0x00000000d6b00000,0x00000000d6b00000)
  from space 1024K, 64% used [0x00000000d7500000,0x00000000d75a61c8,0x00000000d7600000)
  to   space 1024K, 0% used [0x00000000d7600000,0x00000000d7600000,0x00000000d7700000)
 ParOldGen       total 68608K, used 38796K [0x0000000080000000, 0x0000000084300000, 0x00000000d5580000)
  object space 68608K, 56% used [0x0000000080000000,0x00000000825e31f8,0x0000000084300000)
 Metaspace       used 48584K, committed 49920K, reserved 1114112K
  class space    used 5255K, committed 5888K, reserved 1048576K
}
Event: 7.653 GC heap after
{Heap after GC invocations=26 (full 2):
 PSYoungGen      total 23040K, used 992K [0x00000000d5580000, 0x00000000d7700000, 0x0000000100000000)
  eden space 22016K, 0% used [0x00000000d5580000,0x00000000d5580000,0x00000000d6b00000)
  from space 1024K, 96% used [0x00000000d7600000,0x00000000d76f8010,0x00000000d7700000)
  to   space 3584K, 0% used [0x00000000d7000000,0x00000000d7000000,0x00000000d7380000)
 ParOldGen       total 68608K, used 40588K [0x0000000080000000, 0x0000000084300000, 0x00000000d5580000)
  object space 68608K, 59% used [0x0000000080000000,0x00000000827a3130,0x0000000084300000)
 Metaspace       used 48584K, committed 49920K, reserved 1114112K
  class space    used 5255K, committed 5888K, reserved 1048576K
}
Event: 7.732 GC heap before
{Heap before GC invocations=27 (full 2):
 PSYoungGen      total 23040K, used 23008K [0x00000000d5580000, 0x00000000d7700000, 0x0000000100000000)
  eden space 22016K, 100% used [0x00000000d5580000,0x00000000d6b00000,0x00000000d6b00000)
  from space 1024K, 96% used [0x00000000d7600000,0x00000000d76f8010,0x00000000d7700000)
  to   space 3584K, 0% used [0x00000000d7000000,0x00000000d7000000,0x00000000d7380000)
 ParOldGen       total 68608K, used 40588K [0x0000000080000000, 0x0000000084300000, 0x00000000d5580000)
  object space 68608K, 59% used [0x0000000080000000,0x00000000827a3130,0x0000000084300000)
 Metaspace       used 48939K, committed 50304K, reserved 1114112K
  class space    used 5307K, committed 5888K, reserved 1048576K
}
Event: 7.733 GC heap after
{Heap after GC invocations=27 (full 2):
 PSYoungGen      total 25600K, used 2705K [0x00000000d5580000, 0x00000000d7680000, 0x0000000100000000)
  eden space 22016K, 0% used [0x00000000d5580000,0x00000000d5580000,0x00000000d6b00000)
  from space 3584K, 75% used [0x00000000d7000000,0x00000000d72a4420,0x00000000d7380000)
  to   space 3072K, 0% used [0x00000000d7380000,0x00000000d7380000,0x00000000d7680000)
 ParOldGen       total 68608K, used 41556K [0x0000000080000000, 0x0000000084300000, 0x00000000d5580000)
  object space 68608K, 60% used [0x0000000080000000,0x0000000082895130,0x0000000084300000)
 Metaspace       used 48939K, committed 50304K, reserved 1114112K
  class space    used 5307K, committed 5888K, reserved 1048576K
}
Event: 7.791 GC heap before
{Heap before GC invocations=28 (full 2):
 PSYoungGen      total 25600K, used 24721K [0x00000000d5580000, 0x00000000d7680000, 0x0000000100000000)
  eden space 22016K, 100% used [0x00000000d5580000,0x00000000d6b00000,0x00000000d6b00000)
  from space 3584K, 75% used [0x00000000d7000000,0x00000000d72a4420,0x00000000d7380000)
  to   space 3072K, 0% used [0x00000000d7380000,0x00000000d7380000,0x00000000d7680000)
 ParOldGen       total 68608K, used 41556K [0x0000000080000000, 0x0000000084300000, 0x00000000d5580000)
  object space 68608K, 60% used [0x0000000080000000,0x0000000082895130,0x0000000084300000)
 Metaspace       used 48947K, committed 50304K, reserved 1114112K
  class space    used 5307K, committed 5888K, reserved 1048576K
}
Event: 7.794 GC heap after
{Heap after GC invocations=28 (full 2):
 PSYoungGen      total 25088K, used 2692K [0x00000000d5580000, 0x00000000d7680000, 0x0000000100000000)
  eden space 22016K, 0% used [0x00000000d5580000,0x00000000d5580000,0x00000000d6b00000)
  from space 3072K, 87% used [0x00000000d7380000,0x00000000d7621000,0x00000000d7680000)
  to   space 3072K, 0% used [0x00000000d7080000,0x00000000d7080000,0x00000000d7380000)
 ParOldGen       total 68608K, used 44031K [0x0000000080000000, 0x0000000084300000, 0x00000000d5580000)
  object space 68608K, 64% used [0x0000000080000000,0x0000000082affe38,0x0000000084300000)
 Metaspace       used 48947K, committed 50304K, reserved 1114112K
  class space    used 5307K, committed 5888K, reserved 1048576K
}
Event: 7.841 GC heap before
{Heap before GC invocations=29 (full 2):
 PSYoungGen      total 25088K, used 24708K [0x00000000d5580000, 0x00000000d7680000, 0x0000000100000000)
  eden space 22016K, 100% used [0x00000000d5580000,0x00000000d6b00000,0x00000000d6b00000)
  from space 3072K, 87% used [0x00000000d7380000,0x00000000d7621000,0x00000000d7680000)
  to   space 3072K, 0% used [0x00000000d7080000,0x00000000d7080000,0x00000000d7380000)
 ParOldGen       total 68608K, used 44031K [0x0000000080000000, 0x0000000084300000, 0x00000000d5580000)
  object space 68608K, 64% used [0x0000000080000000,0x0000000082affe38,0x0000000084300000)
 Metaspace       used 48952K, committed 50304K, reserved 1114112K
  class space    used 5307K, committed 5888K, reserved 1048576K
}
Event: 7.844 GC heap after
{Heap after GC invocations=29 (full 2):
 PSYoungGen      total 24576K, used 2304K [0x00000000d5580000, 0x00000000d7400000, 0x0000000100000000)
  eden space 22016K, 0% used [0x00000000d5580000,0x00000000d5580000,0x00000000d6b00000)
  from space 2560K, 90% used [0x00000000d7080000,0x00000000d72c0000,0x00000000d7300000)
  to   space 1024K, 0% used [0x00000000d7300000,0x00000000d7300000,0x00000000d7400000)
 ParOldGen       total 68608K, used 46526K [0x0000000080000000, 0x0000000084300000, 0x00000000d5580000)
  object space 68608K, 67% used [0x0000000080000000,0x0000000082d6f8e8,0x0000000084300000)
 Metaspace       used 48952K, committed 50304K, reserved 1114112K
  class space    used 5307K, committed 5888K, reserved 1048576K
}
Event: 7.913 GC heap before
{Heap before GC invocations=30 (full 2):
 PSYoungGen      total 24576K, used 24320K [0x00000000d5580000, 0x00000000d7400000, 0x0000000100000000)
  eden space 22016K, 100% used [0x00000000d5580000,0x00000000d6b00000,0x00000000d6b00000)
  from space 2560K, 90% used [0x00000000d7080000,0x00000000d72c0000,0x00000000d7300000)
  to   space 1024K, 0% used [0x00000000d7300000,0x00000000d7300000,0x00000000d7400000)
 ParOldGen       total 68608K, used 46526K [0x0000000080000000, 0x0000000084300000, 0x00000000d5580000)
  object space 68608K, 67% used [0x0000000080000000,0x0000000082d6f8e8,0x0000000084300000)
 Metaspace       used 48992K, committed 50304K, reserved 1114112K
  class space    used 5308K, committed 5888K, reserved 1048576K
}
Event: 7.916 GC heap after
{Heap after GC invocations=30 (full 2):
 PSYoungGen      total 23040K, used 1024K [0x00000000d5580000, 0x00000000d7500000, 0x0000000100000000)
  eden space 22016K, 0% used [0x00000000d5580000,0x00000000d5580000,0x00000000d6b00000)
  from space 1024K, 100% used [0x00000000d7300000,0x00000000d7400000,0x00000000d7400000)
  to   space 5120K, 0% used [0x00000000d6b00000,0x00000000d6b00000,0x00000000d7000000)
 ParOldGen       total 68608K, used 49958K [0x0000000080000000, 0x0000000084300000, 0x00000000d5580000)
  object space 68608K, 72% used [0x0000000080000000,0x00000000830c9af8,0x0000000084300000)
 Metaspace       used 48992K, committed 50304K, reserved 1114112K
  class space    used 5308K, committed 5888K, reserved 1048576K
}
Event: 8.123 GC heap before
{Heap before GC invocations=31 (full 2):
 PSYoungGen      total 23040K, used 23040K [0x00000000d5580000, 0x00000000d7500000, 0x0000000100000000)
  eden space 22016K, 100% used [0x00000000d5580000,0x00000000d6b00000,0x00000000d6b00000)
  from space 1024K, 100% used [0x00000000d7300000,0x00000000d7400000,0x00000000d7400000)
  to   space 5120K, 0% used [0x00000000d6b00000,0x00000000d6b00000,0x00000000d7000000)
 ParOldGen       total 68608K, used 49958K [0x0000000080000000, 0x0000000084300000, 0x00000000d5580000)
  object space 68608K, 72% used [0x0000000080000000,0x00000000830c9af8,0x0000000084300000)
 Metaspace       used 50523K, committed 51840K, reserved 1114112K
  class space    used 5511K, committed 6080K, reserved 1048576K
}
Event: 8.125 GC heap after
{Heap after GC invocations=31 (full 2):
 PSYoungGen      total 27136K, used 1637K [0x00000000d5580000, 0x00000000d7380000, 0x0000000100000000)
  eden space 22016K, 0% used [0x00000000d5580000,0x00000000d5580000,0x00000000d6b00000)
  from space 5120K, 31% used [0x00000000d6b00000,0x00000000d6c99558,0x00000000d7000000)
  to   space 3072K, 0% used [0x00000000d7080000,0x00000000d7080000,0x00000000d7380000)
 ParOldGen       total 68608K, used 51030K [0x0000000080000000, 0x0000000084300000, 0x00000000d5580000)
  object space 68608K, 74% used [0x0000000080000000,0x00000000831d5af8,0x0000000084300000)
 Metaspace       used 50523K, committed 51840K, reserved 1114112K
  class space    used 5511K, committed 6080K, reserved 1048576K
}
Event: 8.391 GC heap before
{Heap before GC invocations=32 (full 2):
 PSYoungGen      total 27136K, used 23653K [0x00000000d5580000, 0x00000000d7380000, 0x0000000100000000)
  eden space 22016K, 100% used [0x00000000d5580000,0x00000000d6b00000,0x00000000d6b00000)
  from space 5120K, 31% used [0x00000000d6b00000,0x00000000d6c99558,0x00000000d7000000)
  to   space 3072K, 0% used [0x00000000d7080000,0x00000000d7080000,0x00000000d7380000)
 ParOldGen       total 68608K, used 51030K [0x0000000080000000, 0x0000000084300000, 0x00000000d5580000)
  object space 68608K, 74% used [0x0000000080000000,0x00000000831d5af8,0x0000000084300000)
 Metaspace       used 51981K, committed 53376K, reserved 1114112K
  class space    used 5653K, committed 6272K, reserved 1048576K
}
Event: 8.393 GC heap after
{Heap after GC invocations=32 (full 2):
 PSYoungGen      total 23040K, used 512K [0x00000000d5580000, 0x00000000d7180000, 0x0000000100000000)
  eden space 22016K, 0% used [0x00000000d5580000,0x00000000d5580000,0x00000000d6b00000)
  from space 1024K, 50% used [0x00000000d7080000,0x00000000d7100010,0x00000000d7180000)
  to   space 1536K, 0% used [0x00000000d6e80000,0x00000000d6e80000,0x00000000d7000000)
 ParOldGen       total 68608K, used 52467K [0x0000000080000000, 0x0000000084300000, 0x00000000d5580000)
  object space 68608K, 76% used [0x0000000080000000,0x000000008333cd20,0x0000000084300000)
 Metaspace       used 51981K, committed 53376K, reserved 1114112K
  class space    used 5653K, committed 6272K, reserved 1048576K
}
Event: 8.556 GC heap before
{Heap before GC invocations=33 (full 2):
 PSYoungGen      total 23040K, used 22528K [0x00000000d5580000, 0x00000000d7180000, 0x0000000100000000)
  eden space 22016K, 100% used [0x00000000d5580000,0x00000000d6b00000,0x00000000d6b00000)
  from space 1024K, 50% used [0x00000000d7080000,0x00000000d7100010,0x00000000d7180000)
  to   space 1536K, 0% used [0x00000000d6e80000,0x00000000d6e80000,0x00000000d7000000)
 ParOldGen       total 68608K, used 52467K [0x0000000080000000, 0x0000000084300000, 0x00000000d5580000)
  object space 68608K, 76% used [0x0000000080000000,0x000000008333cd20,0x0000000084300000)
 Metaspace       used 53368K, committed 54784K, reserved 1114112K
  class space    used 5782K, committed 6464K, reserved 1048576K
}
Event: 8.557 GC heap after
{Heap after GC invocations=33 (full 2):
 PSYoungGen      total 23552K, used 1511K [0x00000000d5580000, 0x00000000d7100000, 0x0000000100000000)
  eden space 22016K, 0% used [0x00000000d5580000,0x00000000d5580000,0x00000000d6b00000)
  from space 1536K, 98% used [0x00000000d6e80000,0x00000000d6ff9c00,0x00000000d7000000)
  to   space 1024K, 0% used [0x00000000d7000000,0x00000000d7000000,0x00000000d7100000)
 ParOldGen       total 68608K, used 52967K [0x0000000080000000, 0x0000000084300000, 0x00000000d5580000)
  object space 68608K, 77% used [0x0000000080000000,0x00000000833b9f88,0x0000000084300000)
 Metaspace       used 53368K, committed 54784K, reserved 1114112K
  class space    used 5782K, committed 6464K, reserved 1048576K
}
Event: 8.598 GC heap before
{Heap before GC invocations=34 (full 2):
 PSYoungGen      total 23552K, used 23527K [0x00000000d5580000, 0x00000000d7100000, 0x0000000100000000)
  eden space 22016K, 100% used [0x00000000d5580000,0x00000000d6b00000,0x00000000d6b00000)
  from space 1536K, 98% used [0x00000000d6e80000,0x00000000d6ff9c00,0x00000000d7000000)
  to   space 1024K, 0% used [0x00000000d7000000,0x00000000d7000000,0x00000000d7100000)
 ParOldGen       total 68608K, used 52967K [0x0000000080000000, 0x0000000084300000, 0x00000000d5580000)
  object space 68608K, 77% used [0x0000000080000000,0x00000000833b9f88,0x0000000084300000)
 Metaspace       used 53380K, committed 54784K, reserved 1114112K
  class space    used 5782K, committed 6464K, reserved 1048576K
}
Event: 8.599 GC heap after
{Heap after GC invocations=34 (full 2):
 PSYoungGen      total 23040K, used 822K [0x00000000d5580000, 0x00000000d7100000, 0x0000000100000000)
  eden space 22016K, 0% used [0x00000000d5580000,0x00000000d5580000,0x00000000d6b00000)
  from space 1024K, 80% used [0x00000000d7000000,0x00000000d70cdac0,0x00000000d7100000)
  to   space 1536K, 0% used [0x00000000d6e00000,0x00000000d6e00000,0x00000000d6f80000)
 ParOldGen       total 68608K, used 53876K [0x0000000080000000, 0x0000000084300000, 0x00000000d5580000)
  object space 68608K, 78% used [0x0000000080000000,0x000000008349d1f0,0x0000000084300000)
 Metaspace       used 53380K, committed 54784K, reserved 1114112K
  class space    used 5782K, committed 6464K, reserved 1048576K
}

Dll operation events (10 events):
Event: 0.007 Loaded shared library c:\Users\ADMIN\.vscode\extensions\redhat.java-1.50.0-win32-x64\jre\21.0.9-win32-x86_64\bin\java.dll
Event: 0.051 Loaded shared library c:\Users\ADMIN\.vscode\extensions\redhat.java-1.50.0-win32-x64\jre\21.0.9-win32-x86_64\bin\zip.dll
Event: 0.065 Loaded shared library C:\Users\ADMIN\.vscode\extensions\redhat.java-1.50.0-win32-x64\jre\21.0.9-win32-x86_64\bin\instrument.dll
Event: 0.068 Loaded shared library C:\Users\ADMIN\.vscode\extensions\redhat.java-1.50.0-win32-x64\jre\21.0.9-win32-x86_64\bin\net.dll
Event: 0.069 Loaded shared library C:\Users\ADMIN\.vscode\extensions\redhat.java-1.50.0-win32-x64\jre\21.0.9-win32-x86_64\bin\nio.dll
Event: 0.072 Loaded shared library C:\Users\ADMIN\.vscode\extensions\redhat.java-1.50.0-win32-x64\jre\21.0.9-win32-x86_64\bin\zip.dll
Event: 0.084 Loaded shared library C:\Users\ADMIN\.vscode\extensions\redhat.java-1.50.0-win32-x64\jre\21.0.9-win32-x86_64\bin\jimage.dll
Event: 0.128 Loaded shared library c:\Users\ADMIN\.vscode\extensions\redhat.java-1.50.0-win32-x64\jre\21.0.9-win32-x86_64\bin\verify.dll
Event: 0.938 Loaded shared library C:\Users\ADMIN\AppData\Roaming\Code\User\globalStorage\redhat.java\1.50.0\config_win\org.eclipse.equinox.launcher\org.eclipse.equinox.launcher.win32.win32.x86_64_1.2.1400.v20250801-0854\eclipse_11916.dll
Event: 1.988 Loaded shared library C:\Users\ADMIN\AppData\Local\Temp\jna-62130991\jna16222766596443721549.dll

Deoptimization events (20 events):
Event: 8.564 Thread 0x0000023a527b12a0 DEOPT PACKING pc=0x0000023a07dde638 sp=0x000000d4e34f9f10
Event: 8.564 Thread 0x0000023a527b12a0 DEOPT UNPACKING pc=0x0000023a074a6da2 sp=0x000000d4e34f9eb8 mode 2
Event: 8.564 Thread 0x0000023a527b12a0 Uncommon trap: trap_request=0xffffffde fr.pc=0x0000023a07dde638 relative=0x0000000000007a78
Event: 8.564 Thread 0x0000023a527b12a0 Uncommon trap: reason=class_check action=maybe_recompile pc=0x0000023a07dde638 method=lombok.patcher.PatchScript$MethodPatcher.visitMethod(ILjava/lang/String;Ljava/lang/String;Ljava/lang/String;[Ljava/lang/String;)Lorg/lombokweb/asm/MethodVisitor; @ 101 c
Event: 8.564 Thread 0x0000023a527b12a0 DEOPT PACKING pc=0x0000023a07dde638 sp=0x000000d4e34f9f10
Event: 8.564 Thread 0x0000023a527b12a0 DEOPT UNPACKING pc=0x0000023a074a6da2 sp=0x000000d4e34f9eb8 mode 2
Event: 8.564 Thread 0x0000023a527b12a0 Uncommon trap: trap_request=0xffffffde fr.pc=0x0000023a07dde638 relative=0x0000000000007a78
Event: 8.564 Thread 0x0000023a527b12a0 Uncommon trap: reason=class_check action=maybe_recompile pc=0x0000023a07dde638 method=lombok.patcher.PatchScript$MethodPatcher.visitMethod(ILjava/lang/String;Ljava/lang/String;Ljava/lang/String;[Ljava/lang/String;)Lorg/lombokweb/asm/MethodVisitor; @ 101 c
Event: 8.564 Thread 0x0000023a527b12a0 DEOPT PACKING pc=0x0000023a07dde638 sp=0x000000d4e34f9f10
Event: 8.564 Thread 0x0000023a527b12a0 DEOPT UNPACKING pc=0x0000023a074a6da2 sp=0x000000d4e34f9eb8 mode 2
Event: 8.564 Thread 0x0000023a527b12a0 Uncommon trap: trap_request=0xffffffde fr.pc=0x0000023a07dde638 relative=0x0000000000007a78
Event: 8.564 Thread 0x0000023a527b12a0 Uncommon trap: reason=class_check action=maybe_recompile pc=0x0000023a07dde638 method=lombok.patcher.PatchScript$MethodPatcher.visitMethod(ILjava/lang/String;Ljava/lang/String;Ljava/lang/String;[Ljava/lang/String;)Lorg/lombokweb/asm/MethodVisitor; @ 101 c
Event: 8.564 Thread 0x0000023a527b12a0 DEOPT PACKING pc=0x0000023a07dde638 sp=0x000000d4e34f9f10
Event: 8.564 Thread 0x0000023a527b12a0 DEOPT UNPACKING pc=0x0000023a074a6da2 sp=0x000000d4e34f9eb8 mode 2
Event: 8.564 Thread 0x0000023a527b12a0 Uncommon trap: trap_request=0xffffffde fr.pc=0x0000023a07d784dc relative=0x0000000000000fbc
Event: 8.564 Thread 0x0000023a527b12a0 Uncommon trap: reason=class_check action=maybe_recompile pc=0x0000023a07d784dc method=lombok.patcher.PatchScript$MethodPatcher.visitMethod(ILjava/lang/String;Ljava/lang/String;Ljava/lang/String;[Ljava/lang/String;)Lorg/lombokweb/asm/MethodVisitor; @ 101 c
Event: 8.564 Thread 0x0000023a527b12a0 DEOPT PACKING pc=0x0000023a07d784dc sp=0x000000d4e34f9ed0
Event: 8.564 Thread 0x0000023a527b12a0 DEOPT UNPACKING pc=0x0000023a074a6da2 sp=0x000000d4e34f9eb8 mode 2
Event: 8.571 Thread 0x0000023a527b12a0 DEOPT PACKING pc=0x0000023a00936533 sp=0x000000d4e34fa070
Event: 8.571 Thread 0x0000023a527b12a0 DEOPT UNPACKING pc=0x0000023a074a78e2 sp=0x000000d4e34f95a0 mode 0

Classes loaded (20 events):
Event: 7.691 Loading class java/nio/channels/Channels$ReadableByteChannelImpl
Event: 7.691 Loading class java/nio/channels/Channels$ReadableByteChannelImpl done
Event: 7.692 Loading class java/nio/channels/NonWritableChannelException
Event: 7.692 Loading class java/nio/channels/NonWritableChannelException done
Event: 8.268 Loading class java/util/Vector$1
Event: 8.268 Loading class java/util/Vector$1 done
Event: 8.451 Loading class java/util/regex/Pattern$Caret
Event: 8.451 Loading class java/util/regex/Pattern$Caret done
Event: 9.665 Loading class java/util/stream/ReferencePipeline$4
Event: 9.665 Loading class java/util/stream/ReferencePipeline$4 done
Event: 9.666 Loading class java/util/stream/Nodes$IntFixedNodeBuilder
Event: 9.666 Loading class java/util/stream/Node$Builder$OfInt
Event: 9.666 Loading class java/util/stream/Node$Builder$OfInt done
Event: 9.666 Loading class java/util/stream/Nodes$IntArrayNode
Event: 9.666 Loading class java/util/stream/Nodes$IntArrayNode done
Event: 9.666 Loading class java/util/stream/Nodes$IntFixedNodeBuilder done
Event: 9.666 Loading class java/util/stream/ReferencePipeline$4$1
Event: 9.666 Loading class java/util/stream/ReferencePipeline$4$1 done
Event: 9.700 Loading class java/util/Hashtable$ValueCollection
Event: 9.700 Loading class java/util/Hashtable$ValueCollection done

Classes unloaded (7 events):
Event: 2.388 Thread 0x0000023a6fb648a0 Unloading class 0x0000023a101acc00 'java/lang/invoke/LambdaForm$MH+0x0000023a101acc00'
Event: 2.388 Thread 0x0000023a6fb648a0 Unloading class 0x0000023a101ac800 'java/lang/invoke/LambdaForm$MH+0x0000023a101ac800'
Event: 2.388 Thread 0x0000023a6fb648a0 Unloading class 0x0000023a101ac400 'java/lang/invoke/LambdaForm$MH+0x0000023a101ac400'
Event: 2.388 Thread 0x0000023a6fb648a0 Unloading class 0x0000023a101ac000 'java/lang/invoke/LambdaForm$MH+0x0000023a101ac000'
Event: 2.388 Thread 0x0000023a6fb648a0 Unloading class 0x0000023a101abc00 'java/lang/invoke/LambdaForm$BMH+0x0000023a101abc00'
Event: 2.388 Thread 0x0000023a6fb648a0 Unloading class 0x0000023a101ab800 'java/lang/invoke/LambdaForm$DMH+0x0000023a101ab800'
Event: 2.388 Thread 0x0000023a6fb648a0 Unloading class 0x0000023a101aa400 'java/lang/invoke/LambdaForm$DMH+0x0000023a101aa400'

Classes redefined (0 events):
No events

Internal exceptions (20 events):
Event: 7.446 Thread 0x0000023a7fa4c080 Exception <a 'sun/nio/fs/WindowsException'{0x00000000d62df0d0}> (0x00000000d62df0d0) 
thrown [s\src\hotspot\share\prims\jni.cpp, line 520]
Event: 7.446 Thread 0x0000023a7fa4c080 Exception <a 'sun/nio/fs/WindowsException'{0x00000000d62e40e0}> (0x00000000d62e40e0) 
thrown [s\src\hotspot\share\prims\jni.cpp, line 520]
Event: 7.447 Thread 0x0000023a7fa4c080 Exception <a 'sun/nio/fs/WindowsException'{0x00000000d62e7818}> (0x00000000d62e7818) 
thrown [s\src\hotspot\share\prims\jni.cpp, line 520]
Event: 7.447 Thread 0x0000023a7fa4c080 Exception <a 'sun/nio/fs/WindowsException'{0x00000000d62eb728}> (0x00000000d62eb728) 
thrown [s\src\hotspot\share\prims\jni.cpp, line 520]
Event: 7.448 Thread 0x0000023a7fa4c080 Exception <a 'sun/nio/fs/WindowsException'{0x00000000d62efc78}> (0x00000000d62efc78) 
thrown [s\src\hotspot\share\prims\jni.cpp, line 520]
Event: 7.448 Thread 0x0000023a7fa4c080 Exception <a 'sun/nio/fs/WindowsException'{0x00000000d62f3d98}> (0x00000000d62f3d98) 
thrown [s\src\hotspot\share\prims\jni.cpp, line 520]
Event: 7.449 Thread 0x0000023a7fa4c080 Exception <a 'sun/nio/fs/WindowsException'{0x00000000d62f75d0}> (0x00000000d62f75d0) 
thrown [s\src\hotspot\share\prims\jni.cpp, line 520]
Event: 7.449 Thread 0x0000023a7fa4c080 Exception <a 'sun/nio/fs/WindowsException'{0x00000000d62fbab0}> (0x00000000d62fbab0) 
thrown [s\src\hotspot\share\prims\jni.cpp, line 520]
Event: 7.449 Thread 0x0000023a7fa4c080 Exception <a 'sun/nio/fs/WindowsException'{0x00000000d62ff8a0}> (0x00000000d62ff8a0) 
thrown [s\src\hotspot\share\prims\jni.cpp, line 520]
Event: 7.450 Thread 0x0000023a7fa4c080 Exception <a 'sun/nio/fs/WindowsException'{0x00000000d63030a8}> (0x00000000d63030a8) 
thrown [s\src\hotspot\share\prims\jni.cpp, line 520]
Event: 7.450 Thread 0x0000023a7fa4c080 Exception <a 'sun/nio/fs/WindowsException'{0x00000000d6307118}> (0x00000000d6307118) 
thrown [s\src\hotspot\share\prims\jni.cpp, line 520]
Event: 7.451 Thread 0x0000023a7fa4c080 Exception <a 'sun/nio/fs/WindowsException'{0x00000000d630add0}> (0x00000000d630add0) 
thrown [s\src\hotspot\share\prims\jni.cpp, line 520]
Event: 7.451 Thread 0x0000023a7fa4c080 Exception <a 'sun/nio/fs/WindowsException'{0x00000000d630e930}> (0x00000000d630e930) 
thrown [s\src\hotspot\share\prims\jni.cpp, line 520]
Event: 7.452 Thread 0x0000023a7fa4c080 Exception <a 'sun/nio/fs/WindowsException'{0x00000000d6312300}> (0x00000000d6312300) 
thrown [s\src\hotspot\share\prims\jni.cpp, line 520]
Event: 7.453 Thread 0x0000023a7fa4c080 Exception <a 'sun/nio/fs/WindowsException'{0x00000000d6315e90}> (0x00000000d6315e90) 
thrown [s\src\hotspot\share\prims\jni.cpp, line 520]
Event: 7.453 Thread 0x0000023a7fa4c080 Exception <a 'sun/nio/fs/WindowsException'{0x00000000d631ac40}> (0x00000000d631ac40) 
thrown [s\src\hotspot\share\prims\jni.cpp, line 520]
Event: 7.454 Thread 0x0000023a7fa4c080 Exception <a 'sun/nio/fs/WindowsException'{0x00000000d631f9d8}> (0x00000000d631f9d8) 
thrown [s\src\hotspot\share\prims\jni.cpp, line 520]
Event: 7.454 Thread 0x0000023a7fa4c080 Exception <a 'sun/nio/fs/WindowsException'{0x00000000d6322fe0}> (0x00000000d6322fe0) 
thrown [s\src\hotspot\share\prims\jni.cpp, line 520]
Event: 7.539 Thread 0x0000023a527b12a0 Implicit null exception at 0x0000023a07e95103 to 0x0000023a07e95384
Event: 7.539 Thread 0x0000023a527b12a0 Exception <a 'java/lang/NoSuchMethodError'{0x00000000d69f7da8}: 'java.lang.Object java.lang.invoke.DelegatingMethodHandle$Holder.reinvoke_L(java.lang.Object, int, long, java.lang.Object, java.lang.Object, int, java.lang.Object)'> (0x00000000d69f7da8) 
thrown [s\src\hotspot\share\interpreter\linkResolver.cpp, line 773]

ZGC Phase Switch (0 events):
No events

VM Operations (20 events):
Event: 7.841 Executing VM operation: ParallelGCFailedAllocation (Allocation Failure)
Event: 7.844 Executing VM operation: ParallelGCFailedAllocation (Allocation Failure) done
Event: 7.913 Executing VM operation: ParallelGCFailedAllocation (Allocation Failure)
Event: 7.916 Executing VM operation: ParallelGCFailedAllocation (Allocation Failure) done
Event: 8.098 Executing VM operation: HandshakeAllThreads (Deoptimize)
Event: 8.098 Executing VM operation: HandshakeAllThreads (Deoptimize) done
Event: 8.123 Executing VM operation: ParallelGCFailedAllocation (Allocation Failure)
Event: 8.125 Executing VM operation: ParallelGCFailedAllocation (Allocation Failure) done
Event: 8.391 Executing VM operation: ParallelGCFailedAllocation (Allocation Failure)
Event: 8.393 Executing VM operation: ParallelGCFailedAllocation (Allocation Failure) done
Event: 8.555 Executing VM operation: ParallelGCFailedAllocation (Allocation Failure)
Event: 8.557 Executing VM operation: ParallelGCFailedAllocation (Allocation Failure) done
Event: 8.598 Executing VM operation: ParallelGCFailedAllocation (Allocation Failure)
Event: 8.599 Executing VM operation: ParallelGCFailedAllocation (Allocation Failure) done
Event: 8.657 Executing VM operation: HandshakeAllThreads (Deoptimize)
Event: 8.657 Executing VM operation: HandshakeAllThreads (Deoptimize) done
Event: 9.660 Executing VM operation: Cleanup
Event: 9.660 Executing VM operation: Cleanup done
Event: 10.673 Executing VM operation: Cleanup
Event: 10.673 Executing VM operation: Cleanup done

Memory protections (0 events):
No events

Nmethod flushes (20 events):
Event: 3.668 Thread 0x0000023a6fb648a0 flushing  nmethod 0x0000023a00699510
Event: 3.668 Thread 0x0000023a6fb648a0 flushing  nmethod 0x0000023a006c3c90
Event: 3.668 Thread 0x0000023a6fb648a0 flushing  nmethod 0x0000023a006c5610
Event: 3.668 Thread 0x0000023a6fb648a0 flushing  nmethod 0x0000023a006c5f10
Event: 3.668 Thread 0x0000023a6fb648a0 flushing  nmethod 0x0000023a006c7110
Event: 3.668 Thread 0x0000023a6fb648a0 flushing  nmethod 0x0000023a006c7910
Event: 3.668 Thread 0x0000023a6fb648a0 flushing  nmethod 0x0000023a006c8090
Event: 3.668 Thread 0x0000023a6fb648a0 flushing  nmethod 0x0000023a006c8a10
Event: 3.668 Thread 0x0000023a6fb648a0 flushing  nmethod 0x0000023a006caf90
Event: 3.668 Thread 0x0000023a6fb648a0 flushing  nmethod 0x0000023a006ccb10
Event: 3.668 Thread 0x0000023a6fb648a0 flushing  nmethod 0x0000023a006cd810
Event: 3.668 Thread 0x0000023a6fb648a0 flushing  nmethod 0x0000023a006ce590
Event: 3.668 Thread 0x0000023a6fb648a0 flushing  nmethod 0x0000023a00713d10
Event: 3.668 Thread 0x0000023a6fb648a0 flushing  nmethod 0x0000023a0071a410
Event: 3.668 Thread 0x0000023a6fb648a0 flushing  nmethod 0x0000023a0073b390
Event: 3.668 Thread 0x0000023a6fb648a0 flushing  nmethod 0x0000023a0073b790
Event: 3.668 Thread 0x0000023a6fb648a0 flushing  nmethod 0x0000023a007e0390
Event: 3.668 Thread 0x0000023a6fb648a0 flushing  nmethod 0x0000023a00809510
Event: 3.668 Thread 0x0000023a6fb648a0 flushing  nmethod 0x0000023a00837110
Event: 3.668 Thread 0x0000023a6fb648a0 flushing  nmethod 0x0000023a00837590

Events (20 events):
Event: 3.965 Thread 0x0000023a527b6160 Thread added: 0x0000023a500697e0
Event: 3.966 Thread 0x0000023a527b5ad0 Thread added: 0x0000023a5006bf40
Event: 3.966 Thread 0x0000023a500697e0 Thread added: 0x0000023a5006d2f0
Event: 3.967 Thread 0x0000023a5006bf40 Thread added: 0x0000023a50069e70
Event: 3.967 Thread 0x0000023a5006d2f0 Thread added: 0x0000023a5006b8b0
Event: 3.968 Thread 0x0000023a50069e70 Thread added: 0x0000023a5006a500
Event: 5.266 Thread 0x0000023a7ffb5d10 Thread exited: 0x0000023a7ffb5d10
Event: 5.337 Thread 0x0000023a7f9cadd0 Thread exited: 0x0000023a7f9cadd0
Event: 5.678 Thread 0x0000023a78e24d00 Thread exited: 0x0000023a78e24d00
Event: 6.006 Thread 0x0000023a78ed6300 Thread exited: 0x0000023a78ed6300
Event: 6.824 Thread 0x0000023a78c314f0 Thread added: 0x0000023a50073340
Event: 6.847 Thread 0x0000023a78b6c1e0 Thread added: 0x0000023a50071ed0
Event: 7.273 Thread 0x0000023a50071ed0 Thread exited: 0x0000023a50071ed0
Event: 7.455 Thread 0x0000023a78e29ce0 Thread exited: 0x0000023a78e29ce0
Event: 7.455 Thread 0x0000023a50073340 Thread exited: 0x0000023a50073340
Event: 7.560 Thread 0x0000023a78b6c1e0 Thread added: 0x0000023a50071ed0
Event: 7.563 Thread 0x0000023a78c314f0 Thread added: 0x0000023a500725a0
Event: 7.567 Thread 0x0000023a78b6c1e0 Thread added: 0x0000023a50073340
Event: 7.578 Thread 0x0000023a78c314f0 Thread added: 0x0000023a50073a10
Event: 9.663 Thread 0x0000023a50073a10 Thread exited: 0x0000023a50073a10


Dynamic libraries:
0x00007ff6622d0000 - 0x00007ff6622de000 	c:\Users\ADMIN\.vscode\extensions\redhat.java-1.50.0-win32-x64\jre\21.0.9-win32-x86_64\bin\java.exe
0x00007ffbb31a0000 - 0x00007ffbb3408000 	C:\WINDOWS\SYSTEM32\ntdll.dll
0x00007ffbb2920000 - 0x00007ffbb29e9000 	C:\WINDOWS\System32\KERNEL32.DLL
0x00007ffbb0880000 - 0x00007ffbb0c78000 	C:\WINDOWS\System32\KERNELBASE.dll
0x00007ffbb03b0000 - 0x00007ffbb04fb000 	C:\WINDOWS\System32\ucrtbase.dll
0x00007ffb9cb50000 - 0x00007ffb9cb68000 	c:\Users\ADMIN\.vscode\extensions\redhat.java-1.50.0-win32-x64\jre\21.0.9-win32-x86_64\bin\jli.dll
0x00007ffb9cc10000 - 0x00007ffb9cc2e000 	c:\Users\ADMIN\.vscode\extensions\redhat.java-1.50.0-win32-x64\jre\21.0.9-win32-x86_64\bin\VCRUNTIME140.dll
0x00007ffbb29f0000 - 0x00007ffbb2bb7000 	C:\WINDOWS\System32\USER32.dll
0x00007ffb9a9b0000 - 0x00007ffb9ac44000 	C:\WINDOWS\WinSxS\amd64_microsoft.windows.common-controls_6595b64144ccf1df_6.0.26100.7019_none_3e06ffa0e335b8a8\COMCTL32.dll
0x00007ffbb0850000 - 0x00007ffbb0877000 	C:\WINDOWS\System32\win32u.dll
0x00007ffbb2040000 - 0x00007ffbb20e9000 	C:\WINDOWS\System32\msvcrt.dll
0x00007ffbb1130000 - 0x00007ffbb115b000 	C:\WINDOWS\System32\GDI32.dll
0x00007ffbb0500000 - 0x00007ffbb062c000 	C:\WINDOWS\System32\gdi32full.dll
0x00007ffbb0630000 - 0x00007ffbb06d3000 	C:\WINDOWS\System32\msvcp_win.dll
0x00007ffbb1260000 - 0x00007ffbb1291000 	C:\WINDOWS\System32\IMM32.DLL
0x00007ffb9cc00000 - 0x00007ffb9cc0c000 	c:\Users\ADMIN\.vscode\extensions\redhat.java-1.50.0-win32-x64\jre\21.0.9-win32-x86_64\bin\vcruntime140_1.dll
0x00007ffb7ed50000 - 0x00007ffb7eddd000 	c:\Users\ADMIN\.vscode\extensions\redhat.java-1.50.0-win32-x64\jre\21.0.9-win32-x86_64\bin\msvcp140.dll
0x00007ffad5ed0000 - 0x00007ffad6c70000 	c:\Users\ADMIN\.vscode\extensions\redhat.java-1.50.0-win32-x64\jre\21.0.9-win32-x86_64\bin\server\jvm.dll
0x00007ffbb1f80000 - 0x00007ffbb2034000 	C:\WINDOWS\System32\ADVAPI32.dll
0x00007ffbb21c0000 - 0x00007ffbb2266000 	C:\WINDOWS\System32\sechost.dll
0x00007ffbb2270000 - 0x00007ffbb2388000 	C:\WINDOWS\System32\RPCRT4.dll
0x00007ffbb2fe0000 - 0x00007ffbb3054000 	C:\WINDOWS\System32\WS2_32.dll
0x00007ffbaeed0000 - 0x00007ffbaef2e000 	C:\WINDOWS\SYSTEM32\POWRPROF.dll
0x00007ffba66e0000 - 0x00007ffba66eb000 	C:\WINDOWS\SYSTEM32\VERSION.dll
0x00007ffb9c490000 - 0x00007ffb9c4c5000 	C:\WINDOWS\SYSTEM32\WINMM.dll
0x00007ffbaeeb0000 - 0x00007ffbaeec4000 	C:\WINDOWS\SYSTEM32\UMPDC.dll
0x00007ffbaf190000 - 0x00007ffbaf1ab000 	C:\WINDOWS\SYSTEM32\kernel.appcore.dll
0x00007ffb9cb40000 - 0x00007ffb9cb4a000 	c:\Users\ADMIN\.vscode\extensions\redhat.java-1.50.0-win32-x64\jre\21.0.9-win32-x86_64\bin\jimage.dll
0x00007ffb9bbe0000 - 0x00007ffb9be22000 	C:\WINDOWS\SYSTEM32\DBGHELP.DLL
0x00007ffbb12a0000 - 0x00007ffbb162b000 	C:\WINDOWS\System32\combase.dll
0x00007ffbb2390000 - 0x00007ffbb2467000 	C:\WINDOWS\System32\OLEAUT32.dll
0x00007ffb9d0d0000 - 0x00007ffb9d10c000 	C:\WINDOWS\SYSTEM32\dbgcore.DLL
0x00007ffbb0e90000 - 0x00007ffbb0f35000 	C:\WINDOWS\System32\bcryptPrimitives.dll
0x00007ffb9cb30000 - 0x00007ffb9cb3f000 	c:\Users\ADMIN\.vscode\extensions\redhat.java-1.50.0-win32-x64\jre\21.0.9-win32-x86_64\bin\instrument.dll
0x00007ffb9caf0000 - 0x00007ffb9cb10000 	c:\Users\ADMIN\.vscode\extensions\redhat.java-1.50.0-win32-x64\jre\21.0.9-win32-x86_64\bin\java.dll
0x00007ffbb1820000 - 0x00007ffbb1f6f000 	C:\WINDOWS\System32\SHELL32.dll
0x00007ffbb06e0000 - 0x00007ffbb084b000 	C:\WINDOWS\System32\wintypes.dll
0x00007ffbadf10000 - 0x00007ffbae76d000 	C:\WINDOWS\SYSTEM32\windows.storage.dll
0x00007ffbb1720000 - 0x00007ffbb1812000 	C:\WINDOWS\System32\SHCORE.dll
0x00007ffbb3060000 - 0x00007ffbb30c7000 	C:\WINDOWS\System32\shlwapi.dll
0x00007ffbb0210000 - 0x00007ffbb0239000 	C:\WINDOWS\SYSTEM32\profapi.dll
0x00007ffb8d840000 - 0x00007ffb8d858000 	c:\Users\ADMIN\.vscode\extensions\redhat.java-1.50.0-win32-x64\jre\21.0.9-win32-x86_64\bin\zip.dll
0x00007ffb9cae0000 - 0x00007ffb9caf0000 	C:\Users\ADMIN\.vscode\extensions\redhat.java-1.50.0-win32-x64\jre\21.0.9-win32-x86_64\bin\net.dll
0x00007ffba9a70000 - 0x00007ffba9b98000 	C:\WINDOWS\SYSTEM32\WINHTTP.dll
0x00007ffbaf6e0000 - 0x00007ffbaf74b000 	C:\WINDOWS\system32\mswsock.dll
0x00007ffb89200000 - 0x00007ffb89216000 	C:\Users\ADMIN\.vscode\extensions\redhat.java-1.50.0-win32-x64\jre\21.0.9-win32-x86_64\bin\nio.dll
0x00007ffb93110000 - 0x00007ffb93120000 	c:\Users\ADMIN\.vscode\extensions\redhat.java-1.50.0-win32-x64\jre\21.0.9-win32-x86_64\bin\verify.dll
0x00007ffb83bd0000 - 0x00007ffb83c14000 	C:\Users\ADMIN\AppData\Roaming\Code\User\globalStorage\redhat.java\1.50.0\config_win\org.eclipse.equinox.launcher\org.eclipse.equinox.launcher.win32.win32.x86_64_1.2.1400.v20250801-0854\eclipse_11916.dll
0x00007ffbb2bd0000 - 0x00007ffbb2d67000 	C:\WINDOWS\System32\ole32.dll
0x00007ffbafad0000 - 0x00007ffbafaeb000 	C:\WINDOWS\SYSTEM32\CRYPTSP.dll
0x00007ffbaf0f0000 - 0x00007ffbaf12a000 	C:\WINDOWS\system32\rsaenh.dll
0x00007ffbaf790000 - 0x00007ffbaf7bb000 	C:\WINDOWS\SYSTEM32\USERENV.dll
0x00007ffbb01e0000 - 0x00007ffbb020a000 	C:\WINDOWS\SYSTEM32\bcrypt.dll
0x00007ffbaf930000 - 0x00007ffbaf93c000 	C:\WINDOWS\SYSTEM32\CRYPTBASE.dll
0x00007ffbaeaf0000 - 0x00007ffbaeb24000 	C:\WINDOWS\SYSTEM32\IPHLPAPI.DLL
0x00007ffbb2bc0000 - 0x00007ffbb2bca000 	C:\WINDOWS\System32\NSI.dll
0x00007ffb7e8b0000 - 0x00007ffb7e8f9000 	C:\Users\ADMIN\AppData\Local\Temp\jna-62130991\jna16222766596443721549.dll
0x00007ffbb3150000 - 0x00007ffbb3158000 	C:\WINDOWS\System32\PSAPI.DLL
0x00007ffbaa190000 - 0x00007ffbaa1ae000 	C:\WINDOWS\SYSTEM32\dhcpcsvc6.DLL
0x00007ffbaa020000 - 0x00007ffbaa043000 	C:\WINDOWS\SYSTEM32\dhcpcsvc.DLL

JVMTI agents:
c:\Users\ADMIN\.vscode\extensions\redhat.java-1.50.0-win32-x64\lombok\lombok-1.18.39-4050.jar path:c:\Users\ADMIN\.vscode\extensions\redhat.java-1.50.0-win32-x64\jre\21.0.9-win32-x86_64\bin\instrument.dll, loaded, initialized, instrumentlib options:none

dbghelp: loaded successfully - version: 4.0.5 - missing functions: none
symbol engine: initialized successfully - sym options: 0x614 - pdb path: .;c:\Users\ADMIN\.vscode\extensions\redhat.java-1.50.0-win32-x64\jre\21.0.9-win32-x86_64\bin;C:\WINDOWS\SYSTEM32;C:\WINDOWS\WinSxS\amd64_microsoft.windows.common-controls_6595b64144ccf1df_6.0.26100.7019_none_3e06ffa0e335b8a8;c:\Users\ADMIN\.vscode\extensions\redhat.java-1.50.0-win32-x64\jre\21.0.9-win32-x86_64\bin\server;C:\Users\ADMIN\AppData\Roaming\Code\User\globalStorage\redhat.java\1.50.0\config_win\org.eclipse.equinox.launcher\org.eclipse.equinox.launcher.win32.win32.x86_64_1.2.1400.v20250801-0854;C:\Users\ADMIN\AppData\Local\Temp\jna-62130991

VM Arguments:
jvm_args: --add-modules=ALL-SYSTEM --add-opens=java.base/java.util=ALL-UNNAMED --add-opens=java.base/java.lang=ALL-UNNAMED --add-opens=java.base/sun.nio.fs=ALL-UNNAMED -Declipse.application=org.eclipse.jdt.ls.core.id1 -Dosgi.bundles.defaultStartLevel=4 -Declipse.product=org.eclipse.jdt.ls.core.product -Djava.import.generatesMetadataFilesAtProjectRoot=false -DDetectVMInstallationsJob.disabled=true -Dfile.encoding=utf8 -XX:+UseParallelGC -XX:GCTimeRatio=4 -XX:AdaptiveSizePolicyWeight=90 -Dsun.zip.disableMemoryMapping=true -Xmx2G -Xms100m -Xlog:disable -javaagent:c:\Users\ADMIN\.vscode\extensions\redhat.java-1.50.0-win32-x64\lombok\lombok-1.18.39-4050.jar -XX:+HeapDumpOnOutOfMemoryError -XX:HeapDumpPath=c:\Users\ADMIN\AppData\Roaming\Code\User\workspaceStorage\ee5c97c5bc3cf9c6cfd08a1005de02cf\redhat.java -Daether.dependencyCollector.impl=bf 
java_command: c:\Users\ADMIN\.vscode\extensions\redhat.java-1.50.0-win32-x64\server\plugins\org.eclipse.equinox.launcher_1.7.100.v20251111-0406.jar -configuration c:\Users\ADMIN\AppData\Roaming\Code\User\globalStorage\redhat.java\1.50.0\config_win -data c:\Users\ADMIN\AppData\Roaming\Code\User\workspaceStorage\ee5c97c5bc3cf9c6cfd08a1005de02cf\redhat.java\jdt_ws --pipe=\\.\pipe\lsp-be8aa81ea8b02fe24910fcb7e0c38196-sock
java_class_path (initial): c:\Users\ADMIN\.vscode\extensions\redhat.java-1.50.0-win32-x64\server\plugins\org.eclipse.equinox.launcher_1.7.100.v20251111-0406.jar
Launcher Type: SUN_STANDARD

[Global flags]
    uintx AdaptiveSizePolicyWeight                 = 90                                        {product} {command line}
     intx CICompilerCount                          = 12                                        {product} {ergonomic}
    uintx GCTimeRatio                              = 4                                         {product} {command line}
     bool HeapDumpOnOutOfMemoryError               = true                                   {manageable} {command line}
    ccstr HeapDumpPath                             = c:\Users\ADMIN\AppData\Roaming\Code\User\workspaceStorage\ee5c97c5bc3cf9c6cfd08a1005de02cf\redhat.java         {manageable} {command line}
   size_t InitialHeapSize                          = 104857600                                 {product} {command line}
   size_t MaxHeapSize                              = 2147483648                                {product} {command line}
   size_t MaxNewSize                               = 715653120                                 {product} {ergonomic}
   size_t MinHeapDeltaBytes                        = 524288                                    {product} {ergonomic}
   size_t MinHeapSize                              = 104857600                                 {product} {command line}
   size_t NewSize                                  = 34603008                                  {product} {ergonomic}
    uintx NonNMethodCodeHeapSize                   = 7602480                                {pd product} {ergonomic}
    uintx NonProfiledCodeHeapSize                  = 122027880                              {pd product} {ergonomic}
   size_t OldSize                                  = 70254592                                  {product} {ergonomic}
    uintx ProfiledCodeHeapSize                     = 122027880                              {pd product} {ergonomic}
    uintx ReservedCodeCacheSize                    = 251658240                              {pd product} {ergonomic}
     bool SegmentedCodeCache                       = true                                      {product} {ergonomic}
   size_t SoftMaxHeapSize                          = 2147483648                             {manageable} {ergonomic}
     bool UseCompressedOops                        = true                           {product lp64_product} {ergonomic}
     bool UseLargePagesIndividualAllocation        = false                                  {pd product} {ergonomic}
     bool UseParallelGC                            = true                                      {product} {command line}

Logging:
Log output configuration:
 #0: stdout all=off uptime,level,tags foldmultilines=false
 #1: stderr all=off uptime,level,tags foldmultilines=false

Release file:
JAVA_VERSION="21.0.9" 
MODULES="java.base java.compiler java.datatransfer java.xml java.prefs java.desktop java.instrument java.logging java.management java.security.sasl java.naming java.rmi java.management.rmi java.net.http java.scripting java.security.jgss java.transaction.xa java.sql java.sql.rowset java.xml.crypto java.se java.smartcardio jdk.accessibility jdk.internal.jvmstat jdk.attach jdk.charsets jdk.internal.opt jdk.zipfs jdk.compiler jdk.crypto.ec jdk.crypto.cryptoki jdk.crypto.mscapi jdk.dynalink jdk.internal.ed jdk.editpad jdk.hotspot.agent jdk.httpserver jdk.internal.le jdk.internal.vm.ci jdk.internal.vm.compiler jdk.internal.vm.compiler.management jdk.jartool jdk.javadoc jdk.jcmd jdk.management jdk.management.agent jdk.jconsole jdk.jdeps jdk.jdwp.agent jdk.jdi jdk.jfr jdk.jshell jdk.jsobject jdk.jstatd jdk.localedata jdk.management.jfr jdk.naming.dns jdk.naming.rmi jdk.net jdk.nio.mapmode jdk.random jdk.sctp jdk.security.auth jdk.security.jgss jdk.unsupported jdk.unsupported.desktop jdk.xml.dom" 

Environment Variables:
JAVA_HOME=C:\Program Files\Java\jdk-17
PATH=C:\Program Files\Common Files\Oracle\Java\javapath;C:\Program Files (x86)\VMware\VMware Workstation\bin\;C:\WINDOWS\system32;C:\WINDOWS;C:\WINDOWS\System32\Wbem;C:\WINDOWS\System32\WindowsPowerShell\v1.0\;C:\WINDOWS\System32\OpenSSH\;C:\Program Files\Microsoft SQL Server\Client SDK\ODBC\170\Tools\Binn\;C:\Program Files\dotnet\;C:\Program Files (x86)\Rational\common;C:\Program Files (x86)\Microsoft SQL Server\160\Tools\Binn\;C:\Program Files\Microsoft SQL Server\160\Tools\Binn\;C:\Program Files\Microsoft SQL Server\160\DTS\Binn\;D:\Tools\apache-maven-3.9.10\bin;C:\Users\ADMIN\AppData\Local\nvm;C:\nvm4w\nodejs;C:\Program Files\nodejs\;C:\Program Files\Git\cmd;C:\Program Files\Docker\Docker\resources\bin;C:\Program Files\MySQL\MySQL Shell 8.0\bin\;C:\Users\ADMIN\AppData\Local\Microsoft\WindowsApps;C:\Users\ADMIN\AppData\Local\Programs\Microsoft VS Code\bin;C:\Users\ADMIN\.dotnet\tools;C:\Program Files\JetBrains\IntelliJ IDEA 2022.2.5\bin;;C:\Program Files\JetBrains\IntelliJ IDEA Community Edition 2024.3\bin;;C:\Users\ADMIN\AppData\Local\nvm;C:\nvm4w\nodejs;C:\Users\ADMIN\AppData\Roaming\npm
USERNAME=ADMIN
OS=Windows_NT
PROCESSOR_IDENTIFIER=Intel64 Family 6 Model 141 Stepping 1, GenuineIntel
TMP=C:\Users\ADMIN\AppData\Local\Temp
TEMP=C:\Users\ADMIN\AppData\Local\Temp




Periodic native trim disabled

---------------  S Y S T E M  ---------------

OS:
 Windows 11 , 64 bit Build 26100 (10.0.26100.7019)
OS uptime: 13 days 23:52 hours
Hyper-V role detected

CPU: total 16 (initial active 16) (8 cores per cpu, 2 threads per core) family 6 model 141 stepping 1 microcode 0x34, cx8, cmov, fxsr, ht, mmx, 3dnowpref, sse, sse2, sse3, ssse3, sse4.1, sse4.2, popcnt, lzcnt, tsc, tscinvbit, avx, avx2, aes, erms, clmul, bmi1, bmi2, adx, avx512f, avx512dq, avx512cd, avx512bw, avx512vl, sha, fma, vzeroupper, avx512_vpopcntdq, avx512_vpclmulqdq, avx512_vaes, avx512_vnni, clflush, clflushopt, clwb, avx512_vbmi2, avx512_vbmi, hv, rdtscp, rdpid, fsrm, gfni, avx512_bitalg, f16c, cet_ibt, cet_ss, avx512_ifma
Processor Information for the first 16 processors :
  Max Mhz: 2304, Current Mhz: 2304, Mhz Limit: 2304

Memory: 4k page, system-wide physical 16063M (615M free)
TotalPageFile size 35286M (AvailPageFile size 11M)
current process WorkingSet (physical memory assigned to process): 274M, peak: 286M
current process commit charge ("private bytes"): 379M, peak: 405M

vm_info: OpenJDK 64-Bit Server VM (21.0.9+10-LTS) for windows-amd64 JRE (21.0.9+10-LTS), built on 2025-10-21T00:00:00Z by "admin" with unknown MS VC++:1942

END.
