#
# There is insufficient memory for the Java Runtime Environment to continue.
# Native memory allocation (malloc) failed to allocate 1336384 bytes. Error detail: Chunk::new
# Possible reasons:
#   The system is out of physical RAM or swap space
#   This process is running with CompressedOops enabled, and the Java Heap may be blocking the growth of the native heap
# Possible solutions:
#   Reduce memory load on the system
#   Increase physical memory or swap space
#   Check if swap backing store is full
#   Decrease Java heap size (-Xmx/-Xms)
#   Decrease number of Java threads
#   Decrease Java thread stack sizes (-Xss)
#   Set larger code cache with -XX:ReservedCodeCacheSize=
#   JVM is running with Unscaled Compressed Oops mode in which the Java heap is
#     placed in the first 4GB address space. The Java Heap base address is the
#     maximum limit for the native heap growth. Please use -XX:HeapBaseMinAddress
#     to set the Java Heap base and to place the Java Heap above 4GB virtual address.
# This output file may be truncated or incomplete.
#
#  Out of Memory Error (arena.cpp:168), pid=18528, tid=33452
#
# JRE version: OpenJDK Runtime Environment Temurin-21.0.9+10 (21.0.9+10) (build 21.0.9+10-LTS)
# Java VM: OpenJDK 64-Bit Server VM Temurin-21.0.9+10 (21.0.9+10-LTS, mixed mode, sharing, tiered, compressed oops, compressed class ptrs, parallel gc, windows-amd64)
# No core dump will be written. Minidumps are not enabled by default on client versions of Windows
#

---------------  S U M M A R Y ------------

Command Line: --add-modules=ALL-SYSTEM --add-opens=java.base/java.util=ALL-UNNAMED --add-opens=java.base/java.lang=ALL-UNNAMED --add-opens=java.base/sun.nio.fs=ALL-UNNAMED -Declipse.application=org.eclipse.jdt.ls.core.id1 -Dosgi.bundles.defaultStartLevel=4 -Declipse.product=org.eclipse.jdt.ls.core.product -Djava.import.generatesMetadataFilesAtProjectRoot=false -DDetectVMInstallationsJob.disabled=true -Dfile.encoding=utf8 -XX:+UseParallelGC -XX:GCTimeRatio=4 -XX:AdaptiveSizePolicyWeight=90 -Dsun.zip.disableMemoryMapping=true -Xmx2G -Xms100m -Xlog:disable -javaagent:c:\Users\ADMIN\.vscode\extensions\redhat.java-1.50.0-win32-x64\lombok\lombok-1.18.39-4050.jar -XX:+HeapDumpOnOutOfMemoryError -XX:HeapDumpPath=c:\Users\ADMIN\AppData\Roaming\Code\User\workspaceStorage\ee5c97c5bc3cf9c6cfd08a1005de02cf\redhat.java -Daether.dependencyCollector.impl=bf c:\Users\ADMIN\.vscode\extensions\redhat.java-1.50.0-win32-x64\server\plugins\org.eclipse.equinox.launcher_1.7.100.v20251111-0406.jar -configuration c:\Users\ADMIN\AppData\Roaming\Code\User\globalStorage\redhat.java\1.50.0\config_win -data c:\Users\ADMIN\AppData\Roaming\Code\User\workspaceStorage\ee5c97c5bc3cf9c6cfd08a1005de02cf\redhat.java\jdt_ws --pipe=\\.\pipe\lsp-bc29ea9396cfd22e5ef68d28c32adce6-sock

Host: 11th Gen Intel(R) Core(TM) i7-11800H @ 2.30GHz, 16 cores, 15G,  Windows 11 , 64 bit Build 26100 (10.0.26100.7019)
Time: Mon Dec 22 14:41:53 2025 SE Asia Standard Time elapsed time: 17.584643 seconds (0d 0h 0m 17s)

---------------  T H R E A D  ---------------

Current thread (0x00000250e2e61a90):  JavaThread "C2 CompilerThread0" daemon [_thread_in_native, id=33452, stack(0x0000006e25b00000,0x0000006e25c00000) (1024K)]


Current CompileTask:
C2:17584 12079       4       java.lang.invoke.MethodType::makeImpl (109 bytes)

Stack: [0x0000006e25b00000,0x0000006e25c00000]
Native frames: (J=compiled Java code, j=interpreted, Vv=VM code, C=native code)
V  [jvm.dll+0x6d6e29]
V  [jvm.dll+0x8b4b76]
V  [jvm.dll+0x8b712e]
V  [jvm.dll+0x8b7813]
V  [jvm.dll+0x283d86]
V  [jvm.dll+0xc66ed]
V  [jvm.dll+0xc6c31]
V  [jvm.dll+0x3be53b]
V  [jvm.dll+0x1e3d59]
V  [jvm.dll+0x24c0f3]
V  [jvm.dll+0x24b580]
V  [jvm.dll+0x1cb13e]
V  [jvm.dll+0x25b29d]
V  [jvm.dll+0x25982a]
V  [jvm.dll+0x3f7ea6]
V  [jvm.dll+0x85e9ad]
V  [jvm.dll+0x6d565d]
C  [ucrtbase.dll+0x37b0]
C  [KERNEL32.DLL+0x2e8d7]
C  [ntdll.dll+0x8c53c]


---------------  P R O C E S S  ---------------

Threads class SMR info:
_java_thread_list=0x00000250c5c358c0, length=65, elements={
0x00000250e08faf40, 0x00000250e2e533d0, 0x00000250e2d5e190, 0x00000250e2e57a90,
0x00000250e2e59040, 0x00000250e2e5a3f0, 0x00000250e2e596d0, 0x00000250e2e61a90,
0x00000250e2e65c70, 0x00000250e2e5aa80, 0x00000250e2e59d60, 0x00000250e2e5b110,
0x00000250e2e5b7a0, 0x00000250e2e589b0, 0x00000250fcc91050, 0x00000250fcc91d70,
0x00000250fcc8f610, 0x00000250fcc909c0, 0x00000250fcc8ef80, 0x00000250fcc8fca0,
0x00000250fcc8e8f0, 0x00000250fcc92400, 0x00000250fcc93120, 0x00000250fcc92a90,
0x00000250fcc937b0, 0x00000250fcc90330, 0x00000250fcc93e40, 0x00000250fcc944d0,
0x00000250fcc94b60, 0x00000250fcc95880, 0x00000250fcc951f0, 0x00000250fcc95f10,
0x00000250fea98dc0, 0x00000250fea980a0, 0x00000250fea9a170, 0x00000250fea9b520,
0x00000250fea99ae0, 0x00000250fea9a800, 0x00000250fea9bbb0, 0x00000250fea9ae90,
0x00000250fea98730, 0x00000250fea9c240, 0x00000250fea9c8d0, 0x00000250fea99450,
0x00000250fea9f6c0, 0x00000250fea9d5f0, 0x00000250fea9dc80, 0x00000250fea9e310,
0x00000250fea9e9a0, 0x00000250fea9f030, 0x00000250c5680180, 0x00000250c567faf0,
0x00000250c567da20, 0x00000250c567d390, 0x00000250c567e0b0, 0x00000250c567e740,
0x00000250c567f460, 0x00000250c567edd0, 0x00000250c567cd00, 0x00000250fd835250,
0x00000250c6955290, 0x00000250c56aa820, 0x00000250fe4543c0, 0x00000250c5bd6470,
0x00000250fd407170
}

Java Threads: ( => current thread )
  0x00000250e08faf40 JavaThread "main"                              [_thread_blocked, id=20232, stack(0x0000006e25100000,0x0000006e25200000) (1024K)]
  0x00000250e2e533d0 JavaThread "Reference Handler"          daemon [_thread_blocked, id=28148, stack(0x0000006e25500000,0x0000006e25600000) (1024K)]
  0x00000250e2d5e190 JavaThread "Finalizer"                  daemon [_thread_blocked, id=31652, stack(0x0000006e25600000,0x0000006e25700000) (1024K)]
  0x00000250e2e57a90 JavaThread "Signal Dispatcher"          daemon [_thread_blocked, id=1680, stack(0x0000006e25700000,0x0000006e25800000) (1024K)]
  0x00000250e2e59040 JavaThread "Attach Listener"            daemon [_thread_blocked, id=30868, stack(0x0000006e25800000,0x0000006e25900000) (1024K)]
  0x00000250e2e5a3f0 JavaThread "Service Thread"             daemon [_thread_blocked, id=27156, stack(0x0000006e25900000,0x0000006e25a00000) (1024K)]
  0x00000250e2e596d0 JavaThread "Monitor Deflation Thread"   daemon [_thread_blocked, id=12068, stack(0x0000006e25a00000,0x0000006e25b00000) (1024K)]
=>0x00000250e2e61a90 JavaThread "C2 CompilerThread0"         daemon [_thread_in_native, id=33452, stack(0x0000006e25b00000,0x0000006e25c00000) (1024K)]
  0x00000250e2e65c70 JavaThread "C1 CompilerThread0"         daemon [_thread_blocked, id=24104, stack(0x0000006e25c00000,0x0000006e25d00000) (1024K)]
  0x00000250e2e5aa80 JavaThread "Common-Cleaner"             daemon [_thread_blocked, id=27892, stack(0x0000006e25e00000,0x0000006e25f00000) (1024K)]
  0x00000250e2e59d60 JavaThread "Notification Thread"        daemon [_thread_blocked, id=1448, stack(0x0000006e26200000,0x0000006e26300000) (1024K)]
  0x00000250e2e5b110 JavaThread "Active Thread: Equinox Container: 02906391-d688-4812-a64a-66f8b88fe7e9"        [_thread_blocked, id=27336, stack(0x0000006e26900000,0x0000006e26a00000) (1024K)]
  0x00000250e2e5b7a0 JavaThread "Refresh Thread: Equinox Container: 02906391-d688-4812-a64a-66f8b88fe7e9" daemon [_thread_blocked, id=17936, stack(0x0000006e26b00000,0x0000006e26c00000) (1024K)]
  0x00000250e2e589b0 JavaThread "Framework Event Dispatcher: Equinox Container: 02906391-d688-4812-a64a-66f8b88fe7e9" daemon [_thread_blocked, id=7932, stack(0x0000006e26c00000,0x0000006e26d00000) (1024K)]
  0x00000250fcc91050 JavaThread "Start Level: Equinox Container: 02906391-d688-4812-a64a-66f8b88fe7e9" daemon [_thread_blocked, id=12408, stack(0x0000006e26d00000,0x0000006e26e00000) (1024K)]
  0x00000250fcc91d70 JavaThread "Bundle File Closer"         daemon [_thread_blocked, id=10064, stack(0x0000006e27100000,0x0000006e27200000) (1024K)]
  0x00000250fcc8f610 JavaThread "SCR Component Actor"        daemon [_thread_blocked, id=31012, stack(0x0000006e27200000,0x0000006e27300000) (1024K)]
  0x00000250fcc909c0 JavaThread "Worker-JM"                         [_thread_blocked, id=27656, stack(0x0000006e27300000,0x0000006e27400000) (1024K)]
  0x00000250fcc8ef80 JavaThread "JNA Cleaner"                daemon [_thread_blocked, id=31036, stack(0x0000006e27600000,0x0000006e27700000) (1024K)]
  0x00000250fcc8fca0 JavaThread "Worker-0: Publish Diagnostics"        [_thread_in_Java, id=9156, stack(0x0000006e27700000,0x0000006e27800000) (1024K)]
  0x00000250fcc8e8f0 JavaThread "Worker-1"                          [_thread_blocked, id=4840, stack(0x0000006e27800000,0x0000006e27900000) (1024K)]
  0x00000250fcc92400 JavaThread "Java indexing"              daemon [_thread_blocked, id=25396, stack(0x0000006e27900000,0x0000006e27a00000) (1024K)]
  0x00000250fcc93120 JavaThread "Worker-2: Initialize workspace"        [_thread_in_native, id=14416, stack(0x0000006e27d00000,0x0000006e27e00000) (1024K)]
  0x00000250fcc92a90 JavaThread "Worker-3"                          [_thread_blocked, id=6368, stack(0x0000006e27e00000,0x0000006e27f00000) (1024K)]
  0x00000250fcc937b0 JavaThread "Worker-4"                          [_thread_blocked, id=2680, stack(0x0000006e28000000,0x0000006e28100000) (1024K)]
  0x00000250fcc90330 JavaThread "Thread-1"                   daemon [_thread_in_native, id=10124, stack(0x0000006e28100000,0x0000006e28200000) (1024K)]
  0x00000250fcc93e40 JavaThread "Thread-2"                   daemon [_thread_in_native, id=28560, stack(0x0000006e28200000,0x0000006e28300000) (1024K)]
  0x00000250fcc944d0 JavaThread "Thread-3"                   daemon [_thread_in_native, id=27876, stack(0x0000006e28300000,0x0000006e28400000) (1024K)]
  0x00000250fcc94b60 JavaThread "Thread-4"                   daemon [_thread_in_native, id=6688, stack(0x0000006e28400000,0x0000006e28500000) (1024K)]
  0x00000250fcc95880 JavaThread "Thread-5"                   daemon [_thread_in_native, id=28928, stack(0x0000006e28500000,0x0000006e28600000) (1024K)]
  0x00000250fcc951f0 JavaThread "Thread-6"                   daemon [_thread_in_native, id=9280, stack(0x0000006e28600000,0x0000006e28700000) (1024K)]
  0x00000250fcc95f10 JavaThread "Thread-7"                   daemon [_thread_in_native, id=32304, stack(0x0000006e28700000,0x0000006e28800000) (1024K)]
  0x00000250fea98dc0 JavaThread "Thread-8"                   daemon [_thread_in_native, id=20908, stack(0x0000006e28800000,0x0000006e28900000) (1024K)]
  0x00000250fea980a0 JavaThread "Thread-9"                   daemon [_thread_in_native, id=33040, stack(0x0000006e28900000,0x0000006e28a00000) (1024K)]
  0x00000250fea9a170 JavaThread "Thread-10"                  daemon [_thread_in_native, id=25876, stack(0x0000006e28a00000,0x0000006e28b00000) (1024K)]
  0x00000250fea9b520 JavaThread "Thread-11"                  daemon [_thread_in_native, id=33052, stack(0x0000006e28b00000,0x0000006e28c00000) (1024K)]
  0x00000250fea99ae0 JavaThread "Thread-12"                  daemon [_thread_in_native, id=9532, stack(0x0000006e28c00000,0x0000006e28d00000) (1024K)]
  0x00000250fea9a800 JavaThread "Thread-13"                  daemon [_thread_in_native, id=28444, stack(0x0000006e28d00000,0x0000006e28e00000) (1024K)]
  0x00000250fea9bbb0 JavaThread "Thread-14"                  daemon [_thread_in_native, id=7572, stack(0x0000006e28e00000,0x0000006e28f00000) (1024K)]
  0x00000250fea9ae90 JavaThread "Thread-15"                  daemon [_thread_in_native, id=4408, stack(0x0000006e25f00000,0x0000006e26000000) (1024K)]
  0x00000250fea98730 JavaThread "Thread-16"                  daemon [_thread_in_native, id=6780, stack(0x0000006e28f00000,0x0000006e29000000) (1024K)]
  0x00000250fea9c240 JavaThread "Thread-17"                  daemon [_thread_in_native, id=9768, stack(0x0000006e25d00000,0x0000006e25e00000) (1024K)]
  0x00000250fea9c8d0 JavaThread "pool-2-thread-1"                   [_thread_blocked, id=17772, stack(0x0000006e27f00000,0x0000006e28000000) (1024K)]
  0x00000250fea99450 JavaThread "WorkspaceEventsHandler"            [_thread_blocked, id=28076, stack(0x0000006e29300000,0x0000006e29400000) (1024K)]
  0x00000250fea9f6c0 JavaThread "pool-1-thread-1"                   [_thread_blocked, id=19492, stack(0x0000006e29400000,0x0000006e29500000) (1024K)]
  0x00000250fea9d5f0 JavaThread "ForkJoinPool.commonPool-worker-1" daemon [_thread_blocked, id=12756, stack(0x0000006e29500000,0x0000006e29600000) (1024K)]
  0x00000250fea9dc80 JavaThread "ForkJoinPool.commonPool-worker-2" daemon [_thread_blocked, id=12640, stack(0x0000006e29600000,0x0000006e29700000) (1024K)]
  0x00000250fea9e310 JavaThread "ForkJoinPool.commonPool-worker-3" daemon [_thread_blocked, id=22740, stack(0x0000006e29700000,0x0000006e29800000) (1024K)]
  0x00000250fea9e9a0 JavaThread "ForkJoinPool.commonPool-worker-4" daemon [_thread_blocked, id=31960, stack(0x0000006e29800000,0x0000006e29900000) (1024K)]
  0x00000250fea9f030 JavaThread "ForkJoinPool.commonPool-worker-5" daemon [_thread_blocked, id=1832, stack(0x0000006e29900000,0x0000006e29a00000) (1024K)]
  0x00000250c5680180 JavaThread "ForkJoinPool.commonPool-worker-7" daemon [_thread_blocked, id=10188, stack(0x0000006e29a00000,0x0000006e29b00000) (1024K)]
  0x00000250c567faf0 JavaThread "ForkJoinPool.commonPool-worker-6" daemon [_thread_blocked, id=24328, stack(0x0000006e29b00000,0x0000006e29c00000) (1024K)]
  0x00000250c567da20 JavaThread "ForkJoinPool.commonPool-worker-8" daemon [_thread_blocked, id=21024, stack(0x0000006e29c00000,0x0000006e29d00000) (1024K)]
  0x00000250c567d390 JavaThread "ForkJoinPool.commonPool-worker-9" daemon [_thread_blocked, id=26384, stack(0x0000006e29d00000,0x0000006e29e00000) (1024K)]
  0x00000250c567e0b0 JavaThread "ForkJoinPool.commonPool-worker-10" daemon [_thread_blocked, id=24468, stack(0x0000006e29e00000,0x0000006e29f00000) (1024K)]
  0x00000250c567e740 JavaThread "ForkJoinPool.commonPool-worker-11" daemon [_thread_blocked, id=28068, stack(0x0000006e29f00000,0x0000006e2a000000) (1024K)]
  0x00000250c567f460 JavaThread "ForkJoinPool.commonPool-worker-12" daemon [_thread_blocked, id=3444, stack(0x0000006e2a000000,0x0000006e2a100000) (1024K)]
  0x00000250c567edd0 JavaThread "ForkJoinPool.commonPool-worker-13" daemon [_thread_blocked, id=26360, stack(0x0000006e2a100000,0x0000006e2a200000) (1024K)]
  0x00000250c567cd00 JavaThread "ForkJoinPool.commonPool-worker-14" daemon [_thread_blocked, id=448, stack(0x0000006e2a200000,0x0000006e2a300000) (1024K)]
  0x00000250fd835250 JavaThread "ForkJoinPool.commonPool-worker-15" daemon [_thread_blocked, id=25944, stack(0x0000006e2a300000,0x0000006e2a400000) (1024K)]
  0x00000250c6955290 JavaThread "C1 CompilerThread1"         daemon [_thread_in_vm, id=15008, stack(0x0000006e26000000,0x0000006e26100000) (1024K)]
  0x00000250c56aa820 JavaThread "C1 CompilerThread2"         daemon [_thread_blocked, id=14048, stack(0x0000006e26100000,0x0000006e26200000) (1024K)]
  0x00000250fe4543c0 JavaThread "C2 CompilerThread1"         daemon [_thread_in_native, id=28648, stack(0x0000006e29000000,0x0000006e29100000) (1024K)]
  0x00000250c5bd6470 JavaThread "C1 CompilerThread3"         daemon [_thread_blocked, id=16392, stack(0x0000006e29100000,0x0000006e29200000) (1024K)]
  0x00000250fd407170 JavaThread "C2 CompilerThread2"         daemon [_thread_in_native, id=7568, stack(0x0000006e2a800000,0x0000006e2a900000) (1024K)]
Total: 65

Other Threads:
  0x00000250e08d3610 VMThread "VM Thread"                           [id=25840, stack(0x0000006e25400000,0x0000006e25500000) (1024K)]
  0x00000250e2e1f040 WatcherThread "VM Periodic Task Thread"        [id=19664, stack(0x0000006e25300000,0x0000006e25400000) (1024K)]
  0x00000250e08d2790 WorkerThread "GC Thread#0"                     [id=15968, stack(0x0000006e25200000,0x0000006e25300000) (1024K)]
  0x00000250e08d2ed0 WorkerThread "GC Thread#1"                     [id=18260, stack(0x0000006e26300000,0x0000006e26400000) (1024K)]
  0x00000250e08d2050 WorkerThread "GC Thread#2"                     [id=3960, stack(0x0000006e26400000,0x0000006e26500000) (1024K)]
  0x00000250fc5a0330 WorkerThread "GC Thread#3"                     [id=17656, stack(0x0000006e26500000,0x0000006e26600000) (1024K)]
  0x00000250fc59e290 WorkerThread "GC Thread#4"                     [id=2660, stack(0x0000006e26600000,0x0000006e26700000) (1024K)]
  0x00000250fc59f110 WorkerThread "GC Thread#5"                     [id=25580, stack(0x0000006e26700000,0x0000006e26800000) (1024K)]
  0x00000250fc59f4b0 WorkerThread "GC Thread#6"                     [id=13212, stack(0x0000006e26800000,0x0000006e26900000) (1024K)]
  0x00000250fc59fbf0 WorkerThread "GC Thread#7"                     [id=12468, stack(0x0000006e26a00000,0x0000006e26b00000) (1024K)]
  0x00000250fc5a0e10 WorkerThread "GC Thread#8"                     [id=28856, stack(0x0000006e26e00000,0x0000006e26f00000) (1024K)]
  0x00000250fc5a06d0 WorkerThread "GC Thread#9"                     [id=29296, stack(0x0000006e26f00000,0x0000006e27000000) (1024K)]
  0x00000250fc59e630 WorkerThread "GC Thread#10"                    [id=12724, stack(0x0000006e27000000,0x0000006e27100000) (1024K)]
  0x00000250fc5a11b0 WorkerThread "GC Thread#11"                    [id=12172, stack(0x0000006e27400000,0x0000006e27500000) (1024K)]
  0x00000250fc59ff90 WorkerThread "GC Thread#12"                    [id=11156, stack(0x0000006e27500000,0x0000006e27600000) (1024K)]
Total: 15

Threads with active compile tasks:
C2 CompilerThread0  17631 12079       4       java.lang.invoke.MethodType::makeImpl (109 bytes)
C1 CompilerThread1  17631 12492   !   3       org.eclipse.core.internal.resources.Filter::match (152 bytes)
C2 CompilerThread1  17631 12358       4       org.eclipse.jdt.internal.compiler.parser.Parser::consumeRule (7748 bytes)
C2 CompilerThread2  17631 12385       4       org.eclipse.jdt.internal.compiler.parser.Scanner::internalScanIdentifierOrKeyword (5041 bytes)
Total: 4

VM state: not at safepoint (normal execution)

VM Mutex/Monitor currently owned by a thread: None

Heap address: 0x0000000080000000, size: 2048 MB, Compressed Oops mode: 32-bit

CDS archive(s) mapped at: [0x0000025080000000-0x0000025080ba0000-0x0000025080ba0000), size 12189696, SharedBaseAddress: 0x0000025080000000, ArchiveRelocationMode: 1.
Compressed class space mapped at: 0x0000025081000000-0x00000250c1000000, reserved size: 1073741824
Narrow klass base: 0x0000025080000000, Narrow klass shift: 0, Narrow klass range: 0x100000000

GC Precious Log:
 CardTable entry size: 512
 CPUs: 16 total, 16 available
 Memory: 16063M
 Large Page Support: Disabled
 NUMA Support: Disabled
 Compressed Oops: Enabled (32-bit)
 Alignments: Space 512K, Generation 512K, Heap 2M
 Heap Min Capacity: 100M
 Heap Initial Capacity: 100M
 Heap Max Capacity: 2G
 Pre-touch: Disabled
 Parallel Workers: 13

Heap:
 PSYoungGen      total 12288K, used 9611K [0x00000000d5580000, 0x00000000d6580000, 0x0000000100000000)
  eden space 11264K, 76% used [0x00000000d5580000,0x00000000d5de72c0,0x00000000d6080000)
  from space 1024K, 98% used [0x00000000d6280000,0x00000000d637b9f0,0x00000000d6380000)
  to   space 2048K, 0% used [0x00000000d6080000,0x00000000d6080000,0x00000000d6280000)
 ParOldGen       total 89088K, used 88996K [0x0000000080000000, 0x0000000085700000, 0x00000000d5580000)
  object space 89088K, 99% used [0x0000000080000000,0x00000000856e93a0,0x0000000085700000)
 Metaspace       used 63453K, committed 64960K, reserved 1114112K
  class space    used 6654K, committed 7360K, reserved 1048576K

Card table byte_map: [0x00000250e2750000,0x00000250e2b60000] _byte_map_base: 0x00000250e2350000

Marking Bits: (ParMarkBitMap*) 0x00007ffac0b82460
 Begin Bits: [0x00000250f5260000, 0x00000250f7260000)
 End Bits:   [0x00000250f7260000, 0x00000250f9260000)

Polling page: 0x00000250e24d0000

Metaspace:

Usage:
  Non-class:     55.47 MB used.
      Class:      6.50 MB used.
       Both:     61.97 MB used.

Virtual space:
  Non-class space:       64.00 MB reserved,      56.25 MB ( 88%) committed,  1 nodes.
      Class space:        1.00 GB reserved,       7.19 MB ( <1%) committed,  1 nodes.
             Both:        1.06 GB reserved,      63.44 MB (  6%) committed. 

Chunk freelists:
   Non-Class:  6.94 MB
       Class:  8.69 MB
        Both:  15.63 MB

MaxMetaspaceSize: unlimited
CompressedClassSpaceSize: 1.00 GB
Initial GC threshold: 21.00 MB
Current GC threshold: 97.31 MB
CDS: on
 - commit_granule_bytes: 65536.
 - commit_granule_words: 8192.
 - virtual_space_node_default_size: 8388608.
 - enlarge_chunks_in_place: 1.
 - use_allocation_guard: 0.


Internal statistics:

num_allocs_failed_limit: 13.
num_arena_births: 1252.
num_arena_deaths: 14.
num_vsnodes_births: 2.
num_vsnodes_deaths: 0.
num_space_committed: 1015.
num_space_uncommitted: 0.
num_chunks_returned_to_freelist: 27.
num_chunks_taken_from_freelist: 4287.
num_chunk_merges: 16.
num_chunk_splits: 2631.
num_chunks_enlarged: 1462.
num_inconsistent_stats: 0.

CodeHeap 'non-profiled nmethods': size=119168Kb used=6964Kb max_used=6964Kb free=112203Kb
 bounds [0x00000250edb50000, 0x00000250ee220000, 0x00000250f4fb0000]
CodeHeap 'profiled nmethods': size=119104Kb used=26891Kb max_used=26891Kb free=92212Kb
 bounds [0x00000250e5fb0000, 0x00000250e7a00000, 0x00000250ed400000]
CodeHeap 'non-nmethods': size=7488Kb used=3118Kb max_used=3183Kb free=4370Kb
 bounds [0x00000250ed400000, 0x00000250ed730000, 0x00000250edb50000]
CodeCache: size=245760Kb, used=36973Kb, max_used=37038Kb, free=208785Kb
 total_blobs=12426, nmethods=11692, adapters=636, full_count=0
Compilation: enabled, stopped_count=0, restarted_count=0

Compilation events (20 events):
Event: 17.415 Thread 0x00000250e2e65c70 12429       3       org.eclipse.jdt.internal.core.CompilationUnitStructureRequestor::createMethodHandle (29 bytes)
Event: 17.415 Thread 0x00000250c5bd6470 12430       3       org.eclipse.jdt.internal.core.CompilationUnitStructureRequestor::convertTypeNamesToSigs (52 bytes)
Event: 17.415 Thread 0x00000250c56aa820 12431       3       org.eclipse.jdt.internal.core.SourceMethod::<init> (9 bytes)
Event: 17.415 Thread 0x00000250e2e65c70 nmethod 12429 0x00000250e79b4b10 code [0x00000250e79b4ce0, 0x00000250e79b4f28]
Event: 17.415 Thread 0x00000250e2e65c70 12435       3       org.eclipse.jdt.internal.core.CompilationUnitStructureRequestor::createMethodInfo (456 bytes)
Event: 17.415 Thread 0x00000250c56aa820 nmethod 12431 0x00000250e79b5090 code [0x00000250e79b5260, 0x00000250e79b55c0]
Event: 17.415 Thread 0x00000250c56aa820 12432       3       org.eclipse.jdt.internal.core.SourceMethod::<init> (28 bytes)
Event: 17.415 Thread 0x00000250c5bd6470 nmethod 12430 0x00000250e79b5790 code [0x00000250e79b59a0, 0x00000250e79b5fb0]
Event: 17.415 Thread 0x00000250c5bd6470 12433       3       org.eclipse.jdt.internal.core.SourceMethod::calculateHashCode (15 bytes)
Event: 17.415 Thread 0x00000250c5bd6470 nmethod 12433 0x00000250e79b6210 code [0x00000250e79b63e0, 0x00000250e79b66a0]
Event: 17.416 Thread 0x00000250c5bd6470 12434       3       org.eclipse.jdt.internal.core.CompilationUnitStructureRequestor::exitMethod (137 bytes)
Event: 17.416 Thread 0x00000250c56aa820 nmethod 12432 0x00000250e79b6810 code [0x00000250e79b6a00, 0x00000250e79b6eb0]
Event: 17.416 Thread 0x00000250c56aa820 12436       3       org.eclipse.jdt.internal.core.SourceMethodElementInfo::<init> (12 bytes)
Event: 17.416 Thread 0x00000250c56aa820 nmethod 12436 0x00000250e79b7090 code [0x00000250e79b7260, 0x00000250e79b7588]
Event: 17.416 Thread 0x00000250c6955290 nmethod 12428 0x00000250e79b7710 code [0x00000250e79b7a80, 0x00000250e79b9568]
Event: 17.417 Thread 0x00000250c5bd6470 nmethod 12434 0x00000250e79ba090 code [0x00000250e79ba3e0, 0x00000250e79bbc18]
Event: 17.418 Thread 0x00000250e2e65c70 nmethod 12435 0x00000250e79bc510 code [0x00000250e79bc960, 0x00000250e79bf0d0]
Event: 17.454 Thread 0x00000250c5bd6470 12437       3       org.eclipse.jdt.internal.core.JavaModelManager::getOption (159 bytes)
Event: 17.454 Thread 0x00000250c6955290 12438       3       org.eclipse.jdt.internal.compiler.lookup.PackageBinding::addType (262 bytes)
Event: 17.456 Thread 0x00000250c56aa820 12440       3       org.eclipse.jdt.internal.compiler.lookup.AnnotatableTypeSystem::haveTypeAnnotations (108 bytes)

GC Heap History (20 events):
Event: 16.285 GC heap before
{Heap before GC invocations=114 (full 3):
 PSYoungGen      total 12800K, used 12704K [0x00000000d5580000, 0x00000000d6300000, 0x0000000100000000)
  eden space 12288K, 100% used [0x00000000d5580000,0x00000000d6180000,0x00000000d6180000)
  from space 512K, 81% used [0x00000000d6280000,0x00000000d62e8000,0x00000000d6300000)
  to   space 512K, 0% used [0x00000000d6200000,0x00000000d6200000,0x00000000d6280000)
 ParOldGen       total 83968K, used 83804K [0x0000000080000000, 0x0000000085200000, 0x00000000d5580000)
  object space 83968K, 99% used [0x0000000080000000,0x00000000851d7010,0x0000000085200000)
 Metaspace       used 59888K, committed 61376K, reserved 1114112K
  class space    used 6326K, committed 6976K, reserved 1048576K
}
Event: 16.286 GC heap after
{Heap after GC invocations=114 (full 3):
 PSYoungGen      total 12800K, used 384K [0x00000000d5580000, 0x00000000d6300000, 0x0000000100000000)
  eden space 12288K, 0% used [0x00000000d5580000,0x00000000d5580000,0x00000000d6180000)
  from space 512K, 75% used [0x00000000d6200000,0x00000000d6260000,0x00000000d6280000)
  to   space 512K, 0% used [0x00000000d6280000,0x00000000d6280000,0x00000000d6300000)
 ParOldGen       total 84480K, used 83980K [0x0000000080000000, 0x0000000085280000, 0x00000000d5580000)
  object space 84480K, 99% used [0x0000000080000000,0x0000000085203010,0x0000000085280000)
 Metaspace       used 59888K, committed 61376K, reserved 1114112K
  class space    used 6326K, committed 6976K, reserved 1048576K
}
Event: 16.302 GC heap before
{Heap before GC invocations=115 (full 3):
 PSYoungGen      total 12800K, used 12672K [0x00000000d5580000, 0x00000000d6300000, 0x0000000100000000)
  eden space 12288K, 100% used [0x00000000d5580000,0x00000000d6180000,0x00000000d6180000)
  from space 512K, 75% used [0x00000000d6200000,0x00000000d6260000,0x00000000d6280000)
  to   space 512K, 0% used [0x00000000d6280000,0x00000000d6280000,0x00000000d6300000)
 ParOldGen       total 84480K, used 83980K [0x0000000080000000, 0x0000000085280000, 0x00000000d5580000)
  object space 84480K, 99% used [0x0000000080000000,0x0000000085203010,0x0000000085280000)
 Metaspace       used 59890K, committed 61376K, reserved 1114112K
  class space    used 6326K, committed 6976K, reserved 1048576K
}
Event: 16.303 GC heap after
{Heap after GC invocations=115 (full 3):
 PSYoungGen      total 12800K, used 416K [0x00000000d5580000, 0x00000000d6300000, 0x0000000100000000)
  eden space 12288K, 0% used [0x00000000d5580000,0x00000000d5580000,0x00000000d6180000)
  from space 512K, 81% used [0x00000000d6280000,0x00000000d62e8000,0x00000000d6300000)
  to   space 512K, 0% used [0x00000000d6200000,0x00000000d6200000,0x00000000d6280000)
 ParOldGen       total 84480K, used 84252K [0x0000000080000000, 0x0000000085280000, 0x00000000d5580000)
  object space 84480K, 99% used [0x0000000080000000,0x0000000085247010,0x0000000085280000)
 Metaspace       used 59890K, committed 61376K, reserved 1114112K
  class space    used 6326K, committed 6976K, reserved 1048576K
}
Event: 16.316 GC heap before
{Heap before GC invocations=116 (full 3):
 PSYoungGen      total 12800K, used 12704K [0x00000000d5580000, 0x00000000d6300000, 0x0000000100000000)
  eden space 12288K, 100% used [0x00000000d5580000,0x00000000d6180000,0x00000000d6180000)
  from space 512K, 81% used [0x00000000d6280000,0x00000000d62e8000,0x00000000d6300000)
  to   space 512K, 0% used [0x00000000d6200000,0x00000000d6200000,0x00000000d6280000)
 ParOldGen       total 84480K, used 84252K [0x0000000080000000, 0x0000000085280000, 0x00000000d5580000)
  object space 84480K, 99% used [0x0000000080000000,0x0000000085247010,0x0000000085280000)
 Metaspace       used 59910K, committed 61376K, reserved 1114112K
  class space    used 6326K, committed 6976K, reserved 1048576K
}
Event: 16.317 GC heap after
{Heap after GC invocations=116 (full 3):
 PSYoungGen      total 12800K, used 448K [0x00000000d5580000, 0x00000000d6300000, 0x0000000100000000)
  eden space 12288K, 0% used [0x00000000d5580000,0x00000000d5580000,0x00000000d6180000)
  from space 512K, 87% used [0x00000000d6200000,0x00000000d6270000,0x00000000d6280000)
  to   space 512K, 0% used [0x00000000d6280000,0x00000000d6280000,0x00000000d6300000)
 ParOldGen       total 84992K, used 84516K [0x0000000080000000, 0x0000000085300000, 0x00000000d5580000)
  object space 84992K, 99% used [0x0000000080000000,0x0000000085289010,0x0000000085300000)
 Metaspace       used 59910K, committed 61376K, reserved 1114112K
  class space    used 6326K, committed 6976K, reserved 1048576K
}
Event: 16.331 GC heap before
{Heap before GC invocations=117 (full 3):
 PSYoungGen      total 12800K, used 12736K [0x00000000d5580000, 0x00000000d6300000, 0x0000000100000000)
  eden space 12288K, 100% used [0x00000000d5580000,0x00000000d6180000,0x00000000d6180000)
  from space 512K, 87% used [0x00000000d6200000,0x00000000d6270000,0x00000000d6280000)
  to   space 512K, 0% used [0x00000000d6280000,0x00000000d6280000,0x00000000d6300000)
 ParOldGen       total 84992K, used 84516K [0x0000000080000000, 0x0000000085300000, 0x00000000d5580000)
  object space 84992K, 99% used [0x0000000080000000,0x0000000085289010,0x0000000085300000)
 Metaspace       used 59920K, committed 61440K, reserved 1114112K
  class space    used 6327K, committed 6976K, reserved 1048576K
}
Event: 16.332 GC heap after
{Heap after GC invocations=117 (full 3):
 PSYoungGen      total 12800K, used 416K [0x00000000d5580000, 0x00000000d6300000, 0x0000000100000000)
  eden space 12288K, 0% used [0x00000000d5580000,0x00000000d5580000,0x00000000d6180000)
  from space 512K, 81% used [0x00000000d6280000,0x00000000d62e8000,0x00000000d6300000)
  to   space 512K, 0% used [0x00000000d6200000,0x00000000d6200000,0x00000000d6280000)
 ParOldGen       total 84992K, used 84772K [0x0000000080000000, 0x0000000085300000, 0x00000000d5580000)
  object space 84992K, 99% used [0x0000000080000000,0x00000000852c9010,0x0000000085300000)
 Metaspace       used 59920K, committed 61440K, reserved 1114112K
  class space    used 6327K, committed 6976K, reserved 1048576K
}
Event: 16.432 GC heap before
{Heap before GC invocations=118 (full 3):
 PSYoungGen      total 12800K, used 12704K [0x00000000d5580000, 0x00000000d6300000, 0x0000000100000000)
  eden space 12288K, 100% used [0x00000000d5580000,0x00000000d6180000,0x00000000d6180000)
  from space 512K, 81% used [0x00000000d6280000,0x00000000d62e8000,0x00000000d6300000)
  to   space 512K, 0% used [0x00000000d6200000,0x00000000d6200000,0x00000000d6280000)
 ParOldGen       total 84992K, used 84772K [0x0000000080000000, 0x0000000085300000, 0x00000000d5580000)
  object space 84992K, 99% used [0x0000000080000000,0x00000000852c9010,0x0000000085300000)
 Metaspace       used 60610K, committed 62080K, reserved 1114112K
  class space    used 6394K, committed 7040K, reserved 1048576K
}
Event: 16.434 GC heap after
{Heap after GC invocations=118 (full 3):
 PSYoungGen      total 12800K, used 480K [0x00000000d5580000, 0x00000000d6480000, 0x0000000100000000)
  eden space 12288K, 0% used [0x00000000d5580000,0x00000000d5580000,0x00000000d6180000)
  from space 512K, 93% used [0x00000000d6200000,0x00000000d6278020,0x00000000d6280000)
  to   space 1536K, 0% used [0x00000000d6300000,0x00000000d6300000,0x00000000d6480000)
 ParOldGen       total 85504K, used 85496K [0x0000000080000000, 0x0000000085380000, 0x00000000d5580000)
  object space 85504K, 99% used [0x0000000080000000,0x000000008537e230,0x0000000085380000)
 Metaspace       used 60610K, committed 62080K, reserved 1114112K
  class space    used 6394K, committed 7040K, reserved 1048576K
}
Event: 16.628 GC heap before
{Heap before GC invocations=119 (full 3):
 PSYoungGen      total 12800K, used 12768K [0x00000000d5580000, 0x00000000d6480000, 0x0000000100000000)
  eden space 12288K, 100% used [0x00000000d5580000,0x00000000d6180000,0x00000000d6180000)
  from space 512K, 93% used [0x00000000d6200000,0x00000000d6278020,0x00000000d6280000)
  to   space 1536K, 0% used [0x00000000d6300000,0x00000000d6300000,0x00000000d6480000)
 ParOldGen       total 85504K, used 85496K [0x0000000080000000, 0x0000000085380000, 0x00000000d5580000)
  object space 85504K, 99% used [0x0000000080000000,0x000000008537e230,0x0000000085380000)
 Metaspace       used 61253K, committed 62720K, reserved 1114112K
  class space    used 6466K, committed 7104K, reserved 1048576K
}
Event: 16.629 GC heap after
{Heap after GC invocations=119 (full 3):
 PSYoungGen      total 13824K, used 1433K [0x00000000d5580000, 0x00000000d6480000, 0x0000000100000000)
  eden space 12288K, 0% used [0x00000000d5580000,0x00000000d5580000,0x00000000d6180000)
  from space 1536K, 93% used [0x00000000d6300000,0x00000000d6466618,0x00000000d6480000)
  to   space 1536K, 0% used [0x00000000d6180000,0x00000000d6180000,0x00000000d6300000)
 ParOldGen       total 86016K, used 85968K [0x0000000080000000, 0x0000000085400000, 0x00000000d5580000)
  object space 86016K, 99% used [0x0000000080000000,0x00000000853f42a8,0x0000000085400000)
 Metaspace       used 61253K, committed 62720K, reserved 1114112K
  class space    used 6466K, committed 7104K, reserved 1048576K
}
Event: 16.747 GC heap before
{Heap before GC invocations=120 (full 3):
 PSYoungGen      total 13824K, used 13721K [0x00000000d5580000, 0x00000000d6480000, 0x0000000100000000)
  eden space 12288K, 100% used [0x00000000d5580000,0x00000000d6180000,0x00000000d6180000)
  from space 1536K, 93% used [0x00000000d6300000,0x00000000d6466618,0x00000000d6480000)
  to   space 1536K, 0% used [0x00000000d6180000,0x00000000d6180000,0x00000000d6300000)
 ParOldGen       total 86016K, used 85968K [0x0000000080000000, 0x0000000085400000, 0x00000000d5580000)
  object space 86016K, 99% used [0x0000000080000000,0x00000000853f42a8,0x0000000085400000)
 Metaspace       used 61677K, committed 63168K, reserved 1114112K
  class space    used 6514K, committed 7168K, reserved 1048576K
}
Event: 16.749 GC heap after
{Heap after GC invocations=120 (full 3):
 PSYoungGen      total 13824K, used 880K [0x00000000d5580000, 0x00000000d6480000, 0x0000000100000000)
  eden space 12288K, 0% used [0x00000000d5580000,0x00000000d5580000,0x00000000d6180000)
  from space 1536K, 57% used [0x00000000d6180000,0x00000000d625c010,0x00000000d6300000)
  to   space 1536K, 0% used [0x00000000d6300000,0x00000000d6300000,0x00000000d6480000)
 ParOldGen       total 87552K, used 87062K [0x0000000080000000, 0x0000000085580000, 0x00000000d5580000)
  object space 87552K, 99% used [0x0000000080000000,0x0000000085505928,0x0000000085580000)
 Metaspace       used 61677K, committed 63168K, reserved 1114112K
  class space    used 6514K, committed 7168K, reserved 1048576K
}
Event: 16.866 GC heap before
{Heap before GC invocations=121 (full 3):
 PSYoungGen      total 13824K, used 13168K [0x00000000d5580000, 0x00000000d6480000, 0x0000000100000000)
  eden space 12288K, 100% used [0x00000000d5580000,0x00000000d6180000,0x00000000d6180000)
  from space 1536K, 57% used [0x00000000d6180000,0x00000000d625c010,0x00000000d6300000)
  to   space 1536K, 0% used [0x00000000d6300000,0x00000000d6300000,0x00000000d6480000)
 ParOldGen       total 87552K, used 87062K [0x0000000080000000, 0x0000000085580000, 0x00000000d5580000)
  object space 87552K, 99% used [0x0000000080000000,0x0000000085505928,0x0000000085580000)
 Metaspace       used 61958K, committed 63424K, reserved 1114112K
  class space    used 6530K, committed 7168K, reserved 1048576K
}
Event: 16.869 GC heap after
{Heap after GC invocations=121 (full 3):
 PSYoungGen      total 13824K, used 1059K [0x00000000d5580000, 0x00000000d6480000, 0x0000000100000000)
  eden space 12288K, 0% used [0x00000000d5580000,0x00000000d5580000,0x00000000d6180000)
  from space 1536K, 68% used [0x00000000d6300000,0x00000000d6408d58,0x00000000d6480000)
  to   space 1536K, 0% used [0x00000000d6180000,0x00000000d6180000,0x00000000d6300000)
 ParOldGen       total 88064K, used 87578K [0x0000000080000000, 0x0000000085600000, 0x00000000d5580000)
  object space 88064K, 99% used [0x0000000080000000,0x00000000855869b0,0x0000000085600000)
 Metaspace       used 61958K, committed 63424K, reserved 1114112K
  class space    used 6530K, committed 7168K, reserved 1048576K
}
Event: 17.194 GC heap before
{Heap before GC invocations=122 (full 3):
 PSYoungGen      total 13824K, used 13347K [0x00000000d5580000, 0x00000000d6480000, 0x0000000100000000)
  eden space 12288K, 100% used [0x00000000d5580000,0x00000000d6180000,0x00000000d6180000)
  from space 1536K, 68% used [0x00000000d6300000,0x00000000d6408d58,0x00000000d6480000)
  to   space 1536K, 0% used [0x00000000d6180000,0x00000000d6180000,0x00000000d6300000)
 ParOldGen       total 88064K, used 87578K [0x0000000080000000, 0x0000000085600000, 0x00000000d5580000)
  object space 88064K, 99% used [0x0000000080000000,0x00000000855869b0,0x0000000085600000)
 Metaspace       used 63011K, committed 64512K, reserved 1114112K
  class space    used 6632K, committed 7296K, reserved 1048576K
}
Event: 17.196 GC heap after
{Heap after GC invocations=122 (full 3):
 PSYoungGen      total 13312K, used 927K [0x00000000d5580000, 0x00000000d6380000, 0x0000000100000000)
  eden space 12288K, 0% used [0x00000000d5580000,0x00000000d5580000,0x00000000d6180000)
  from space 1024K, 90% used [0x00000000d6180000,0x00000000d6267f20,0x00000000d6280000)
  to   space 1024K, 0% used [0x00000000d6280000,0x00000000d6280000,0x00000000d6380000)
 ParOldGen       total 88576K, used 88223K [0x0000000080000000, 0x0000000085680000, 0x00000000d5580000)
  object space 88576K, 99% used [0x0000000080000000,0x0000000085627f08,0x0000000085680000)
 Metaspace       used 63011K, committed 64512K, reserved 1114112K
  class space    used 6632K, committed 7296K, reserved 1048576K
}
Event: 17.331 GC heap before
{Heap before GC invocations=123 (full 3):
 PSYoungGen      total 13312K, used 13215K [0x00000000d5580000, 0x00000000d6380000, 0x0000000100000000)
  eden space 12288K, 100% used [0x00000000d5580000,0x00000000d6180000,0x00000000d6180000)
  from space 1024K, 90% used [0x00000000d6180000,0x00000000d6267f20,0x00000000d6280000)
  to   space 1024K, 0% used [0x00000000d6280000,0x00000000d6280000,0x00000000d6380000)
 ParOldGen       total 88576K, used 88223K [0x0000000080000000, 0x0000000085680000, 0x00000000d5580000)
  object space 88576K, 99% used [0x0000000080000000,0x0000000085627f08,0x0000000085680000)
 Metaspace       used 63268K, committed 64768K, reserved 1114112K
  class space    used 6645K, committed 7296K, reserved 1048576K
}
Event: 17.333 GC heap after
{Heap after GC invocations=123 (full 3):
 PSYoungGen      total 12288K, used 1006K [0x00000000d5580000, 0x00000000d6580000, 0x0000000100000000)
  eden space 11264K, 0% used [0x00000000d5580000,0x00000000d5580000,0x00000000d6080000)
  from space 1024K, 98% used [0x00000000d6280000,0x00000000d637b9f0,0x00000000d6380000)
  to   space 2048K, 0% used [0x00000000d6080000,0x00000000d6080000,0x00000000d6280000)
 ParOldGen       total 89088K, used 88996K [0x0000000080000000, 0x0000000085700000, 0x00000000d5580000)
  object space 89088K, 99% used [0x0000000080000000,0x00000000856e93a0,0x0000000085700000)
 Metaspace       used 63268K, committed 64768K, reserved 1114112K
  class space    used 6645K, committed 7296K, reserved 1048576K
}

Dll operation events (10 events):
Event: 0.016 Loaded shared library c:\Users\ADMIN\.vscode\extensions\redhat.java-1.50.0-win32-x64\jre\21.0.9-win32-x86_64\bin\java.dll
Event: 0.102 Loaded shared library c:\Users\ADMIN\.vscode\extensions\redhat.java-1.50.0-win32-x64\jre\21.0.9-win32-x86_64\bin\zip.dll
Event: 0.122 Loaded shared library C:\Users\ADMIN\.vscode\extensions\redhat.java-1.50.0-win32-x64\jre\21.0.9-win32-x86_64\bin\instrument.dll
Event: 0.127 Loaded shared library C:\Users\ADMIN\.vscode\extensions\redhat.java-1.50.0-win32-x64\jre\21.0.9-win32-x86_64\bin\net.dll
Event: 0.129 Loaded shared library C:\Users\ADMIN\.vscode\extensions\redhat.java-1.50.0-win32-x64\jre\21.0.9-win32-x86_64\bin\nio.dll
Event: 0.132 Loaded shared library C:\Users\ADMIN\.vscode\extensions\redhat.java-1.50.0-win32-x64\jre\21.0.9-win32-x86_64\bin\zip.dll
Event: 0.148 Loaded shared library C:\Users\ADMIN\.vscode\extensions\redhat.java-1.50.0-win32-x64\jre\21.0.9-win32-x86_64\bin\jimage.dll
Event: 0.214 Loaded shared library c:\Users\ADMIN\.vscode\extensions\redhat.java-1.50.0-win32-x64\jre\21.0.9-win32-x86_64\bin\verify.dll
Event: 1.260 Loaded shared library C:\Users\ADMIN\AppData\Roaming\Code\User\globalStorage\redhat.java\1.50.0\config_win\org.eclipse.equinox.launcher\org.eclipse.equinox.launcher.win32.win32.x86_64_1.2.1400.v20250801-0854\eclipse_11916.dll
Event: 2.436 Loaded shared library C:\Users\ADMIN\AppData\Local\Temp\jna-62130991\jna15256728609875440442.dll

Deoptimization events (20 events):
Event: 17.198 Thread 0x00000250fcc8fca0 DEOPT PACKING pc=0x00000250eded9868 sp=0x0000006e277fcea0
Event: 17.198 Thread 0x00000250fcc8fca0 DEOPT UNPACKING pc=0x00000250ed456da2 sp=0x0000006e277fcd80 mode 2
Event: 17.244 Thread 0x00000250fcc8fca0 Uncommon trap: trap_request=0xffffffc6 fr.pc=0x00000250ee188938 relative=0x00000000000005d8
Event: 17.244 Thread 0x00000250fcc8fca0 Uncommon trap: reason=bimorphic_or_optimized_type_check action=maybe_recompile pc=0x00000250ee188938 method=org.eclipse.jdt.internal.core.NameLookup.getModuleDescription(Lorg/eclipse/jdt/internal/core/JavaProject;Lorg/eclipse/jdt/core/IPackageFragmentRoot
Event: 17.244 Thread 0x00000250fcc8fca0 DEOPT PACKING pc=0x00000250ee188938 sp=0x0000006e277fe3f0
Event: 17.244 Thread 0x00000250fcc8fca0 DEOPT UNPACKING pc=0x00000250ed456da2 sp=0x0000006e277fe3a8 mode 2
Event: 17.245 Thread 0x00000250fcc8fca0 Uncommon trap: trap_request=0xffffffc6 fr.pc=0x00000250ee188938 relative=0x00000000000005d8
Event: 17.245 Thread 0x00000250fcc8fca0 Uncommon trap: reason=bimorphic_or_optimized_type_check action=maybe_recompile pc=0x00000250ee188938 method=org.eclipse.jdt.internal.core.NameLookup.getModuleDescription(Lorg/eclipse/jdt/internal/core/JavaProject;Lorg/eclipse/jdt/core/IPackageFragmentRoot
Event: 17.245 Thread 0x00000250fcc8fca0 DEOPT PACKING pc=0x00000250ee188938 sp=0x0000006e277fe230
Event: 17.245 Thread 0x00000250fcc8fca0 DEOPT UNPACKING pc=0x00000250ed456da2 sp=0x0000006e277fe1e8 mode 2
Event: 17.245 Thread 0x00000250fcc8fca0 Uncommon trap: trap_request=0xffffffc6 fr.pc=0x00000250ee188938 relative=0x00000000000005d8
Event: 17.245 Thread 0x00000250fcc8fca0 Uncommon trap: reason=bimorphic_or_optimized_type_check action=maybe_recompile pc=0x00000250ee188938 method=org.eclipse.jdt.internal.core.NameLookup.getModuleDescription(Lorg/eclipse/jdt/internal/core/JavaProject;Lorg/eclipse/jdt/core/IPackageFragmentRoot
Event: 17.245 Thread 0x00000250fcc8fca0 DEOPT PACKING pc=0x00000250ee188938 sp=0x0000006e277fdea0
Event: 17.245 Thread 0x00000250fcc8fca0 DEOPT UNPACKING pc=0x00000250ed456da2 sp=0x0000006e277fde58 mode 2
Event: 17.245 Thread 0x00000250fcc8fca0 Uncommon trap: trap_request=0xffffffc6 fr.pc=0x00000250ee188938 relative=0x00000000000005d8
Event: 17.245 Thread 0x00000250fcc8fca0 Uncommon trap: reason=bimorphic_or_optimized_type_check action=maybe_recompile pc=0x00000250ee188938 method=org.eclipse.jdt.internal.core.NameLookup.getModuleDescription(Lorg/eclipse/jdt/internal/core/JavaProject;Lorg/eclipse/jdt/core/IPackageFragmentRoot
Event: 17.245 Thread 0x00000250fcc8fca0 DEOPT PACKING pc=0x00000250ee188938 sp=0x0000006e277fdea0
Event: 17.245 Thread 0x00000250fcc8fca0 DEOPT UNPACKING pc=0x00000250ed456da2 sp=0x0000006e277fde58 mode 2
Event: 17.462 Thread 0x00000250fcc8fca0 Uncommon trap: trap_request=0xffffff45 fr.pc=0x00000250ee175438 relative=0x0000000000000098
Event: 17.581 Thread 0x00000250fcc8fca0 Uncommon trap: reason=unstable_if action=reinterpret pc=0x00000250ee175438 method=java.util.Hashtable$Enumerator.nextElement()Ljava/lang/Object; @ 87 c2

Classes loaded (20 events):
Event: 16.375 Loading class java/util/AbstractList$SubList done
Event: 16.375 Loading class java/util/AbstractList$RandomAccessSubList done
Event: 16.376 Loading class java/util/AbstractList$SubList$1
Event: 16.376 Loading class java/util/AbstractList$SubList$1 done
Event: 16.438 Loading class java/util/HashMap$EntrySpliterator
Event: 16.439 Loading class java/util/HashMap$EntrySpliterator done
Event: 16.444 Loading class java/util/stream/ReduceOps$5
Event: 16.445 Loading class java/util/stream/ReduceOps$5 done
Event: 16.445 Loading class java/util/stream/ReduceOps$CountingSink$OfRef
Event: 16.445 Loading class java/util/stream/ReduceOps$CountingSink
Event: 16.445 Loading class java/util/stream/ReduceOps$CountingSink done
Event: 16.446 Loading class java/util/stream/ReduceOps$CountingSink$OfRef done
Event: 16.449 Loading class java/util/stream/ReduceOps$4
Event: 16.449 Loading class java/util/stream/ReduceOps$4 done
Event: 16.449 Loading class java/util/stream/ReduceOps$4ReducingSink
Event: 16.449 Loading class java/util/stream/ReduceOps$4ReducingSink done
Event: 16.601 Loading class java/util/stream/ReduceOps$1
Event: 16.602 Loading class java/util/stream/ReduceOps$1 done
Event: 16.602 Loading class java/util/stream/ReduceOps$1ReducingSink
Event: 16.602 Loading class java/util/stream/ReduceOps$1ReducingSink done

Classes unloaded (7 events):
Event: 2.926 Thread 0x00000250e08d3610 Unloading class 0x00000250811ab400 'java/lang/invoke/LambdaForm$MH+0x00000250811ab400'
Event: 2.926 Thread 0x00000250e08d3610 Unloading class 0x00000250811ab000 'java/lang/invoke/LambdaForm$MH+0x00000250811ab000'
Event: 2.926 Thread 0x00000250e08d3610 Unloading class 0x00000250811aac00 'java/lang/invoke/LambdaForm$MH+0x00000250811aac00'
Event: 2.926 Thread 0x00000250e08d3610 Unloading class 0x00000250811aa800 'java/lang/invoke/LambdaForm$MH+0x00000250811aa800'
Event: 2.926 Thread 0x00000250e08d3610 Unloading class 0x00000250811aa400 'java/lang/invoke/LambdaForm$BMH+0x00000250811aa400'
Event: 2.926 Thread 0x00000250e08d3610 Unloading class 0x00000250811aa000 'java/lang/invoke/LambdaForm$DMH+0x00000250811aa000'
Event: 2.926 Thread 0x00000250e08d3610 Unloading class 0x00000250811a8c00 'java/lang/invoke/LambdaForm$DMH+0x00000250811a8c00'

Classes redefined (0 events):
No events

Internal exceptions (20 events):
Event: 15.904 Thread 0x00000250c567cd00 Exception <a 'sun/nio/fs/WindowsException'{0x00000000d6150988}> (0x00000000d6150988) 
thrown [s\src\hotspot\share\prims\jni.cpp, line 520]
Event: 15.904 Thread 0x00000250c567cd00 Exception <a 'sun/nio/fs/WindowsException'{0x00000000d6151268}> (0x00000000d6151268) 
thrown [s\src\hotspot\share\prims\jni.cpp, line 520]
Event: 15.905 Thread 0x00000250c567cd00 Exception <a 'sun/nio/fs/WindowsException'{0x00000000d615a710}> (0x00000000d615a710) 
thrown [s\src\hotspot\share\prims\jni.cpp, line 520]
Event: 15.905 Thread 0x00000250c567cd00 Exception <a 'sun/nio/fs/WindowsException'{0x00000000d615aff0}> (0x00000000d615aff0) 
thrown [s\src\hotspot\share\prims\jni.cpp, line 520]
Event: 15.910 Thread 0x00000250c567cd00 Exception <a 'sun/nio/fs/WindowsException'{0x00000000d56ef850}> (0x00000000d56ef850) 
thrown [s\src\hotspot\share\prims\jni.cpp, line 520]
Event: 15.910 Thread 0x00000250c567cd00 Exception <a 'sun/nio/fs/WindowsException'{0x00000000d56f0130}> (0x00000000d56f0130) 
thrown [s\src\hotspot\share\prims\jni.cpp, line 520]
Event: 16.407 Thread 0x00000250c567edd0 Exception <a 'sun/nio/fs/WindowsException'{0x00000000d5d048c0}> (0x00000000d5d048c0) 
thrown [s\src\hotspot\share\prims\jni.cpp, line 520]
Event: 16.407 Thread 0x00000250c567edd0 Exception <a 'sun/nio/fs/WindowsException'{0x00000000d5d06d98}> (0x00000000d5d06d98) 
thrown [s\src\hotspot\share\prims\jni.cpp, line 520]
Event: 16.447 Thread 0x00000250fcc93120 Exception <a 'sun/nio/fs/WindowsException'{0x00000000d5808970}> (0x00000000d5808970) 
thrown [s\src\hotspot\share\prims\jni.cpp, line 520]
Event: 16.447 Thread 0x00000250fcc93120 Exception <a 'sun/nio/fs/WindowsException'{0x00000000d5808fa0}> (0x00000000d5808fa0) 
thrown [s\src\hotspot\share\prims\jni.cpp, line 520]
Event: 16.454 Thread 0x00000250fcc8fca0 Exception <a 'java/lang/NoSuchMethodError'{0x00000000d5841110}: 'int java.lang.invoke.DirectMethodHandle$Holder.invokeSpecialIFC(java.lang.Object, java.lang.Object, java.lang.Object)'> (0x00000000d5841110) 
thrown [s\src\hotspot\share\interpreter\linkResolver.cpp, line 773]
Event: 16.637 Thread 0x00000250fcc93120 Implicit null exception at 0x00000250ee0a5b23 to 0x00000250ee0a5e90
Event: 16.643 Thread 0x00000250fcc93120 Exception <a 'java/lang/NoSuchMethodError'{0x00000000d575f4a8}: 'java.lang.Object java.lang.invoke.DirectMethodHandle$Holder.invokeStatic(java.lang.Object, java.lang.Object, int, java.lang.Object)'> (0x00000000d575f4a8) 
thrown [s\src\hotspot\share\interpreter\linkResolver.cpp, line 773]
Event: 16.645 Thread 0x00000250fcc93120 Exception <a 'java/lang/NoSuchMethodError'{0x00000000d579af60}: 'java.lang.Object java.lang.invoke.DirectMethodHandle$Holder.newInvokeSpecial(java.lang.Object, java.lang.Object, int)'> (0x00000000d579af60) 
thrown [s\src\hotspot\share\interpreter\linkResolver.cpp, line 773]
Event: 16.665 Thread 0x00000250fcc8fca0 Exception <a 'java/lang/NoSuchMethodError'{0x00000000d5930ff8}: 'java.lang.Object java.lang.invoke.DirectMethodHandle$Holder.invokeStatic(java.lang.Object, java.lang.Object, int, int)'> (0x00000000d5930ff8) 
thrown [s\src\hotspot\share\interpreter\linkResolver.cpp, line 773]
Event: 16.665 Thread 0x00000250fcc8fca0 Exception <a 'java/lang/NoSuchMethodError'{0x00000000d59353f8}: 'java.lang.Object java.lang.invoke.DirectMethodHandle$Holder.invokeSpecial(java.lang.Object, java.lang.Object, java.lang.Object, int, int)'> (0x00000000d59353f8) 
thrown [s\src\hotspot\share\interpreter\linkResolver.cpp, line 773]
Event: 16.702 Thread 0x00000250fcc93120 Implicit null exception at 0x00000250ee146bda to 0x00000250ee146c33
Event: 17.060 Thread 0x00000250fcc8fca0 Exception <a 'java/io/FileNotFoundException'{0x00000000d5d5a990}> (0x00000000d5d5a990) 
thrown [s\src\hotspot\share\prims\jni.cpp, line 520]
Event: 17.061 Thread 0x00000250fcc8fca0 Exception <a 'java/io/FileNotFoundException'{0x00000000d5d5ba78}> (0x00000000d5d5ba78) 
thrown [s\src\hotspot\share\prims\jni.cpp, line 520]
Event: 17.061 Thread 0x00000250fcc8fca0 Exception <a 'java/io/FileNotFoundException'{0x00000000d5d5c7e0}> (0x00000000d5d5c7e0) 
thrown [s\src\hotspot\share\prims\jni.cpp, line 520]

ZGC Phase Switch (0 events):
No events

VM Operations (20 events):
Event: 16.320 Executing VM operation: HandshakeAllThreads (Deoptimize)
Event: 16.320 Executing VM operation: HandshakeAllThreads (Deoptimize) done
Event: 16.331 Executing VM operation: ParallelGCFailedAllocation (Allocation Failure)
Event: 16.332 Executing VM operation: ParallelGCFailedAllocation (Allocation Failure) done
Event: 16.386 Executing VM operation: HandshakeAllThreads (Deoptimize)
Event: 16.386 Executing VM operation: HandshakeAllThreads (Deoptimize) done
Event: 16.432 Executing VM operation: ParallelGCFailedAllocation (Allocation Failure)
Event: 16.434 Executing VM operation: ParallelGCFailedAllocation (Allocation Failure) done
Event: 16.627 Executing VM operation: ParallelGCFailedAllocation (Allocation Failure)
Event: 16.629 Executing VM operation: ParallelGCFailedAllocation (Allocation Failure) done
Event: 16.721 Executing VM operation: ICBufferFull
Event: 16.722 Executing VM operation: ICBufferFull done
Event: 16.747 Executing VM operation: ParallelGCFailedAllocation (Allocation Failure)
Event: 16.749 Executing VM operation: ParallelGCFailedAllocation (Allocation Failure) done
Event: 16.866 Executing VM operation: ParallelGCFailedAllocation (Allocation Failure)
Event: 16.869 Executing VM operation: ParallelGCFailedAllocation (Allocation Failure) done
Event: 17.183 Executing VM operation: ParallelGCFailedAllocation (Allocation Failure)
Event: 17.196 Executing VM operation: ParallelGCFailedAllocation (Allocation Failure) done
Event: 17.331 Executing VM operation: ParallelGCFailedAllocation (Allocation Failure)
Event: 17.333 Executing VM operation: ParallelGCFailedAllocation (Allocation Failure) done

Memory protections (0 events):
No events

Nmethod flushes (20 events):
Event: 14.823 Thread 0x00000250e08d3610 flushing  nmethod 0x00000250e68b5190
Event: 14.823 Thread 0x00000250e08d3610 flushing osr nmethod 0x00000250e68bc110
Event: 14.823 Thread 0x00000250e08d3610 flushing osr nmethod 0x00000250e68bfd10
Event: 14.823 Thread 0x00000250e08d3610 flushing osr nmethod 0x00000250e68f2390
Event: 14.823 Thread 0x00000250e08d3610 flushing  nmethod 0x00000250e691e810
Event: 14.823 Thread 0x00000250e08d3610 flushing  nmethod 0x00000250e6933d10
Event: 14.823 Thread 0x00000250e08d3610 flushing  nmethod 0x00000250e6935610
Event: 14.823 Thread 0x00000250e08d3610 flushing  nmethod 0x00000250e6951f90
Event: 14.823 Thread 0x00000250e08d3610 flushing  nmethod 0x00000250e6952590
Event: 14.823 Thread 0x00000250e08d3610 flushing  nmethod 0x00000250e6953510
Event: 14.823 Thread 0x00000250e08d3610 flushing  nmethod 0x00000250e6956690
Event: 14.823 Thread 0x00000250e08d3610 flushing  nmethod 0x00000250e6964690
Event: 14.823 Thread 0x00000250e08d3610 flushing  nmethod 0x00000250e696dd10
Event: 14.823 Thread 0x00000250e08d3610 flushing  nmethod 0x00000250e698b810
Event: 14.823 Thread 0x00000250e08d3610 flushing  nmethod 0x00000250e699aa90
Event: 14.823 Thread 0x00000250e08d3610 flushing  nmethod 0x00000250e69a5110
Event: 14.823 Thread 0x00000250e08d3610 flushing  nmethod 0x00000250e69c5510
Event: 14.823 Thread 0x00000250e08d3610 flushing  nmethod 0x00000250e69da890
Event: 14.823 Thread 0x00000250e08d3610 flushing  nmethod 0x00000250e6a03c10
Event: 14.823 Thread 0x00000250e08d3610 flushing  nmethod 0x00000250e6a09390

Events (20 events):
Event: 10.296 Thread 0x00000250fe6f20e0 Thread exited: 0x00000250fe6f20e0
Event: 10.694 Thread 0x00000250e2e65c70 Thread added: 0x00000250fe6f20e0
Event: 10.744 Thread 0x00000250fe6f20e0 Thread added: 0x00000250c6955290
Event: 11.467 Thread 0x00000250c6955290 Thread exited: 0x00000250c6955290
Event: 11.467 Thread 0x00000250fe6f20e0 Thread exited: 0x00000250fe6f20e0
Event: 11.610 Thread 0x00000250e2e65c70 Thread added: 0x00000250c6955290
Event: 11.618 Thread 0x00000250c6955290 Thread added: 0x00000250c56aa820
Event: 11.925 Thread 0x00000250e2e65c70 Thread added: 0x00000250fe4543c0
Event: 14.611 Thread 0x00000250c6955290 Thread added: 0x00000250c5bd6470
Event: 14.784 Thread 0x00000250fcc93120 Thread added: 0x00000250fd8358e0
Event: 14.784 Thread 0x00000250fcc93120 Thread added: 0x00000250fd835f70
Event: 14.784 Thread 0x00000250fcc93120 Thread added: 0x00000250fd833180
Event: 14.784 Thread 0x00000250fcc93120 Thread added: 0x00000250fd834bc0
Event: 14.784 Thread 0x00000250fcc93120 Thread added: 0x00000250fd832af0
Event: 14.879 Thread 0x00000250c56aa820 Thread added: 0x00000250fd407170
Event: 15.339 Thread 0x00000250fd832af0 Thread exited: 0x00000250fd832af0
Event: 15.339 Thread 0x00000250fd833180 Thread exited: 0x00000250fd833180
Event: 15.339 Thread 0x00000250fd834bc0 Thread exited: 0x00000250fd834bc0
Event: 15.339 Thread 0x00000250fd835f70 Thread exited: 0x00000250fd835f70
Event: 15.339 Thread 0x00000250fd8358e0 Thread exited: 0x00000250fd8358e0


Dynamic libraries:
0x00007ff7b8880000 - 0x00007ff7b888e000 	c:\Users\ADMIN\.vscode\extensions\redhat.java-1.50.0-win32-x64\jre\21.0.9-win32-x86_64\bin\java.exe
0x00007ffbb31a0000 - 0x00007ffbb3408000 	C:\WINDOWS\SYSTEM32\ntdll.dll
0x00007ffbb2920000 - 0x00007ffbb29e9000 	C:\WINDOWS\System32\KERNEL32.DLL
0x00007ffbb0880000 - 0x00007ffbb0c78000 	C:\WINDOWS\System32\KERNELBASE.dll
0x00007ffbb03b0000 - 0x00007ffbb04fb000 	C:\WINDOWS\System32\ucrtbase.dll
0x00007ffb9caf0000 - 0x00007ffb9cb08000 	c:\Users\ADMIN\.vscode\extensions\redhat.java-1.50.0-win32-x64\jre\21.0.9-win32-x86_64\bin\jli.dll
0x00007ffb8d870000 - 0x00007ffb8d88e000 	c:\Users\ADMIN\.vscode\extensions\redhat.java-1.50.0-win32-x64\jre\21.0.9-win32-x86_64\bin\VCRUNTIME140.dll
0x00007ffbb29f0000 - 0x00007ffbb2bb7000 	C:\WINDOWS\System32\USER32.dll
0x00007ffbb0850000 - 0x00007ffbb0877000 	C:\WINDOWS\System32\win32u.dll
0x00007ffb9a9b0000 - 0x00007ffb9ac44000 	C:\WINDOWS\WinSxS\amd64_microsoft.windows.common-controls_6595b64144ccf1df_6.0.26100.7019_none_3e06ffa0e335b8a8\COMCTL32.dll
0x00007ffbb1130000 - 0x00007ffbb115b000 	C:\WINDOWS\System32\GDI32.dll
0x00007ffbb2040000 - 0x00007ffbb20e9000 	C:\WINDOWS\System32\msvcrt.dll
0x00007ffbb0500000 - 0x00007ffbb062c000 	C:\WINDOWS\System32\gdi32full.dll
0x00007ffbb0630000 - 0x00007ffbb06d3000 	C:\WINDOWS\System32\msvcp_win.dll
0x00007ffbb1260000 - 0x00007ffbb1291000 	C:\WINDOWS\System32\IMM32.DLL
0x00007ffbaa600000 - 0x00007ffbaa60c000 	c:\Users\ADMIN\.vscode\extensions\redhat.java-1.50.0-win32-x64\jre\21.0.9-win32-x86_64\bin\vcruntime140_1.dll
0x00007ffb7ed50000 - 0x00007ffb7eddd000 	c:\Users\ADMIN\.vscode\extensions\redhat.java-1.50.0-win32-x64\jre\21.0.9-win32-x86_64\bin\msvcp140.dll
0x00007ffabfec0000 - 0x00007ffac0c60000 	c:\Users\ADMIN\.vscode\extensions\redhat.java-1.50.0-win32-x64\jre\21.0.9-win32-x86_64\bin\server\jvm.dll
0x00007ffbb1f80000 - 0x00007ffbb2034000 	C:\WINDOWS\System32\ADVAPI32.dll
0x00007ffbb21c0000 - 0x00007ffbb2266000 	C:\WINDOWS\System32\sechost.dll
0x00007ffbb2270000 - 0x00007ffbb2388000 	C:\WINDOWS\System32\RPCRT4.dll
0x00007ffbb2fe0000 - 0x00007ffbb3054000 	C:\WINDOWS\System32\WS2_32.dll
0x00007ffbaeed0000 - 0x00007ffbaef2e000 	C:\WINDOWS\SYSTEM32\POWRPROF.dll
0x00007ffb9c490000 - 0x00007ffb9c4c5000 	C:\WINDOWS\SYSTEM32\WINMM.dll
0x00007ffba66e0000 - 0x00007ffba66eb000 	C:\WINDOWS\SYSTEM32\VERSION.dll
0x00007ffbaeeb0000 - 0x00007ffbaeec4000 	C:\WINDOWS\SYSTEM32\UMPDC.dll
0x00007ffbaf190000 - 0x00007ffbaf1ab000 	C:\WINDOWS\SYSTEM32\kernel.appcore.dll
0x00007ffb9cc20000 - 0x00007ffb9cc2a000 	c:\Users\ADMIN\.vscode\extensions\redhat.java-1.50.0-win32-x64\jre\21.0.9-win32-x86_64\bin\jimage.dll
0x00007ffb9bbe0000 - 0x00007ffb9be22000 	C:\WINDOWS\SYSTEM32\DBGHELP.DLL
0x00007ffbb12a0000 - 0x00007ffbb162b000 	C:\WINDOWS\System32\combase.dll
0x00007ffbb2390000 - 0x00007ffbb2467000 	C:\WINDOWS\System32\OLEAUT32.dll
0x00007ffb9d0d0000 - 0x00007ffb9d10c000 	C:\WINDOWS\SYSTEM32\dbgcore.DLL
0x00007ffbb0e90000 - 0x00007ffbb0f35000 	C:\WINDOWS\System32\bcryptPrimitives.dll
0x00007ffb9cb30000 - 0x00007ffb9cb3f000 	c:\Users\ADMIN\.vscode\extensions\redhat.java-1.50.0-win32-x64\jre\21.0.9-win32-x86_64\bin\instrument.dll
0x00007ffb8d850000 - 0x00007ffb8d870000 	c:\Users\ADMIN\.vscode\extensions\redhat.java-1.50.0-win32-x64\jre\21.0.9-win32-x86_64\bin\java.dll
0x00007ffbb1820000 - 0x00007ffbb1f6f000 	C:\WINDOWS\System32\SHELL32.dll
0x00007ffbb06e0000 - 0x00007ffbb084b000 	C:\WINDOWS\System32\wintypes.dll
0x00007ffbadf10000 - 0x00007ffbae76d000 	C:\WINDOWS\SYSTEM32\windows.storage.dll
0x00007ffbb1720000 - 0x00007ffbb1812000 	C:\WINDOWS\System32\SHCORE.dll
0x00007ffbb3060000 - 0x00007ffbb30c7000 	C:\WINDOWS\System32\shlwapi.dll
0x00007ffbb0210000 - 0x00007ffbb0239000 	C:\WINDOWS\SYSTEM32\profapi.dll
0x00007ffb89200000 - 0x00007ffb89218000 	c:\Users\ADMIN\.vscode\extensions\redhat.java-1.50.0-win32-x64\jre\21.0.9-win32-x86_64\bin\zip.dll
0x00007ffb9cc10000 - 0x00007ffb9cc20000 	C:\Users\ADMIN\.vscode\extensions\redhat.java-1.50.0-win32-x64\jre\21.0.9-win32-x86_64\bin\net.dll
0x00007ffba9a70000 - 0x00007ffba9b98000 	C:\WINDOWS\SYSTEM32\WINHTTP.dll
0x00007ffbaf6e0000 - 0x00007ffbaf74b000 	C:\WINDOWS\system32\mswsock.dll
0x00007ffb9cb50000 - 0x00007ffb9cb66000 	C:\Users\ADMIN\.vscode\extensions\redhat.java-1.50.0-win32-x64\jre\21.0.9-win32-x86_64\bin\nio.dll
0x00007ffb9cc00000 - 0x00007ffb9cc10000 	c:\Users\ADMIN\.vscode\extensions\redhat.java-1.50.0-win32-x64\jre\21.0.9-win32-x86_64\bin\verify.dll
0x00007ffb83c90000 - 0x00007ffb83cd4000 	C:\Users\ADMIN\AppData\Roaming\Code\User\globalStorage\redhat.java\1.50.0\config_win\org.eclipse.equinox.launcher\org.eclipse.equinox.launcher.win32.win32.x86_64_1.2.1400.v20250801-0854\eclipse_11916.dll
0x00007ffbb2bd0000 - 0x00007ffbb2d67000 	C:\WINDOWS\System32\ole32.dll
0x00007ffbafad0000 - 0x00007ffbafaeb000 	C:\WINDOWS\SYSTEM32\CRYPTSP.dll
0x00007ffbaf0f0000 - 0x00007ffbaf12a000 	C:\WINDOWS\system32\rsaenh.dll
0x00007ffbaf790000 - 0x00007ffbaf7bb000 	C:\WINDOWS\SYSTEM32\USERENV.dll
0x00007ffbb01e0000 - 0x00007ffbb020a000 	C:\WINDOWS\SYSTEM32\bcrypt.dll
0x00007ffbaf930000 - 0x00007ffbaf93c000 	C:\WINDOWS\SYSTEM32\CRYPTBASE.dll
0x00007ffbaeaf0000 - 0x00007ffbaeb24000 	C:\WINDOWS\SYSTEM32\IPHLPAPI.DLL
0x00007ffbb2bc0000 - 0x00007ffbb2bca000 	C:\WINDOWS\System32\NSI.dll
0x00007ffb7e860000 - 0x00007ffb7e8a9000 	C:\Users\ADMIN\AppData\Local\Temp\jna-62130991\jna15256728609875440442.dll
0x00007ffbb3150000 - 0x00007ffbb3158000 	C:\WINDOWS\System32\PSAPI.DLL
0x00007ffbaa190000 - 0x00007ffbaa1ae000 	C:\WINDOWS\SYSTEM32\dhcpcsvc6.DLL
0x00007ffbaa020000 - 0x00007ffbaa043000 	C:\WINDOWS\SYSTEM32\dhcpcsvc.DLL

JVMTI agents:
c:\Users\ADMIN\.vscode\extensions\redhat.java-1.50.0-win32-x64\lombok\lombok-1.18.39-4050.jar path:c:\Users\ADMIN\.vscode\extensions\redhat.java-1.50.0-win32-x64\jre\21.0.9-win32-x86_64\bin\instrument.dll, loaded, initialized, instrumentlib options:none

dbghelp: loaded successfully - version: 4.0.5 - missing functions: none
symbol engine: initialized successfully - sym options: 0x614 - pdb path: .;c:\Users\ADMIN\.vscode\extensions\redhat.java-1.50.0-win32-x64\jre\21.0.9-win32-x86_64\bin;C:\WINDOWS\SYSTEM32;C:\WINDOWS\WinSxS\amd64_microsoft.windows.common-controls_6595b64144ccf1df_6.0.26100.7019_none_3e06ffa0e335b8a8;c:\Users\ADMIN\.vscode\extensions\redhat.java-1.50.0-win32-x64\jre\21.0.9-win32-x86_64\bin\server;C:\Users\ADMIN\AppData\Roaming\Code\User\globalStorage\redhat.java\1.50.0\config_win\org.eclipse.equinox.launcher\org.eclipse.equinox.launcher.win32.win32.x86_64_1.2.1400.v20250801-0854;C:\Users\ADMIN\AppData\Local\Temp\jna-62130991

VM Arguments:
jvm_args: --add-modules=ALL-SYSTEM --add-opens=java.base/java.util=ALL-UNNAMED --add-opens=java.base/java.lang=ALL-UNNAMED --add-opens=java.base/sun.nio.fs=ALL-UNNAMED -Declipse.application=org.eclipse.jdt.ls.core.id1 -Dosgi.bundles.defaultStartLevel=4 -Declipse.product=org.eclipse.jdt.ls.core.product -Djava.import.generatesMetadataFilesAtProjectRoot=false -DDetectVMInstallationsJob.disabled=true -Dfile.encoding=utf8 -XX:+UseParallelGC -XX:GCTimeRatio=4 -XX:AdaptiveSizePolicyWeight=90 -Dsun.zip.disableMemoryMapping=true -Xmx2G -Xms100m -Xlog:disable -javaagent:c:\Users\ADMIN\.vscode\extensions\redhat.java-1.50.0-win32-x64\lombok\lombok-1.18.39-4050.jar -XX:+HeapDumpOnOutOfMemoryError -XX:HeapDumpPath=c:\Users\ADMIN\AppData\Roaming\Code\User\workspaceStorage\ee5c97c5bc3cf9c6cfd08a1005de02cf\redhat.java -Daether.dependencyCollector.impl=bf 
java_command: c:\Users\ADMIN\.vscode\extensions\redhat.java-1.50.0-win32-x64\server\plugins\org.eclipse.equinox.launcher_1.7.100.v20251111-0406.jar -configuration c:\Users\ADMIN\AppData\Roaming\Code\User\globalStorage\redhat.java\1.50.0\config_win -data c:\Users\ADMIN\AppData\Roaming\Code\User\workspaceStorage\ee5c97c5bc3cf9c6cfd08a1005de02cf\redhat.java\jdt_ws --pipe=\\.\pipe\lsp-bc29ea9396cfd22e5ef68d28c32adce6-sock
java_class_path (initial): c:\Users\ADMIN\.vscode\extensions\redhat.java-1.50.0-win32-x64\server\plugins\org.eclipse.equinox.launcher_1.7.100.v20251111-0406.jar
Launcher Type: SUN_STANDARD

[Global flags]
    uintx AdaptiveSizePolicyWeight                 = 90                                        {product} {command line}
     intx CICompilerCount                          = 12                                        {product} {ergonomic}
    uintx GCTimeRatio                              = 4                                         {product} {command line}
     bool HeapDumpOnOutOfMemoryError               = true                                   {manageable} {command line}
    ccstr HeapDumpPath                             = c:\Users\ADMIN\AppData\Roaming\Code\User\workspaceStorage\ee5c97c5bc3cf9c6cfd08a1005de02cf\redhat.java         {manageable} {command line}
   size_t InitialHeapSize                          = 104857600                                 {product} {command line}
   size_t MaxHeapSize                              = 2147483648                                {product} {command line}
   size_t MaxNewSize                               = 715653120                                 {product} {ergonomic}
   size_t MinHeapDeltaBytes                        = 524288                                    {product} {ergonomic}
   size_t MinHeapSize                              = 104857600                                 {product} {command line}
   size_t NewSize                                  = 34603008                                  {product} {ergonomic}
    uintx NonNMethodCodeHeapSize                   = 7602480                                {pd product} {ergonomic}
    uintx NonProfiledCodeHeapSize                  = 122027880                              {pd product} {ergonomic}
   size_t OldSize                                  = 70254592                                  {product} {ergonomic}
    uintx ProfiledCodeHeapSize                     = 122027880                              {pd product} {ergonomic}
    uintx ReservedCodeCacheSize                    = 251658240                              {pd product} {ergonomic}
     bool SegmentedCodeCache                       = true                                      {product} {ergonomic}
   size_t SoftMaxHeapSize                          = 2147483648                             {manageable} {ergonomic}
     bool UseCompressedOops                        = true                           {product lp64_product} {ergonomic}
     bool UseLargePagesIndividualAllocation        = false                                  {pd product} {ergonomic}
     bool UseParallelGC                            = true                                      {product} {command line}

Logging:
Log output configuration:
 #0: stdout all=off uptime,level,tags foldmultilines=false
 #1: stderr all=off uptime,level,tags foldmultilines=false

Release file:
JAVA_VERSION="21.0.9" 
MODULES="java.base java.compiler java.datatransfer java.xml java.prefs java.desktop java.instrument java.logging java.management java.security.sasl java.naming java.rmi java.management.rmi java.net.http java.scripting java.security.jgss java.transaction.xa java.sql java.sql.rowset java.xml.crypto java.se java.smartcardio jdk.accessibility jdk.internal.jvmstat jdk.attach jdk.charsets jdk.internal.opt jdk.zipfs jdk.compiler jdk.crypto.ec jdk.crypto.cryptoki jdk.crypto.mscapi jdk.dynalink jdk.internal.ed jdk.editpad jdk.hotspot.agent jdk.httpserver jdk.internal.le jdk.internal.vm.ci jdk.internal.vm.compiler jdk.internal.vm.compiler.management jdk.jartool jdk.javadoc jdk.jcmd jdk.management jdk.management.agent jdk.jconsole jdk.jdeps jdk.jdwp.agent jdk.jdi jdk.jfr jdk.jshell jdk.jsobject jdk.jstatd jdk.localedata jdk.management.jfr jdk.naming.dns jdk.naming.rmi jdk.net jdk.nio.mapmode jdk.random jdk.sctp jdk.security.auth jdk.security.jgss jdk.unsupported jdk.unsupported.desktop jdk.xml.dom" 

Environment Variables:
JAVA_HOME=C:\Program Files\Java\jdk-17
PATH=C:\Program Files\Common Files\Oracle\Java\javapath;C:\Program Files (x86)\VMware\VMware Workstation\bin\;C:\WINDOWS\system32;C:\WINDOWS;C:\WINDOWS\System32\Wbem;C:\WINDOWS\System32\WindowsPowerShell\v1.0\;C:\WINDOWS\System32\OpenSSH\;C:\Program Files\Microsoft SQL Server\Client SDK\ODBC\170\Tools\Binn\;C:\Program Files\dotnet\;C:\Program Files (x86)\Rational\common;C:\Program Files (x86)\Microsoft SQL Server\160\Tools\Binn\;C:\Program Files\Microsoft SQL Server\160\Tools\Binn\;C:\Program Files\Microsoft SQL Server\160\DTS\Binn\;D:\Tools\apache-maven-3.9.10\bin;C:\Users\ADMIN\AppData\Local\nvm;C:\nvm4w\nodejs;C:\Program Files\nodejs\;C:\Program Files\Git\cmd;C:\Program Files\Docker\Docker\resources\bin;C:\Program Files\MySQL\MySQL Shell 8.0\bin\;C:\Users\ADMIN\AppData\Local\Microsoft\WindowsApps;C:\Users\ADMIN\AppData\Local\Programs\Microsoft VS Code\bin;C:\Users\ADMIN\.dotnet\tools;C:\Program Files\JetBrains\IntelliJ IDEA 2022.2.5\bin;;C:\Program Files\JetBrains\IntelliJ IDEA Community Edition 2024.3\bin;;C:\Users\ADMIN\AppData\Local\nvm;C:\nvm4w\nodejs;C:\Users\ADMIN\AppData\Roaming\npm
USERNAME=ADMIN
OS=Windows_NT
PROCESSOR_IDENTIFIER=Intel64 Family 6 Model 141 Stepping 1, GenuineIntel
TMP=C:\Users\ADMIN\AppData\Local\Temp
TEMP=C:\Users\ADMIN\AppData\Local\Temp




Periodic native trim disabled

---------------  S Y S T E M  ---------------

OS:
 Windows 11 , 64 bit Build 26100 (10.0.26100.7019)
OS uptime: 14 days 0:09 hours
Hyper-V role detected

CPU: total 16 (initial active 16) (8 cores per cpu, 2 threads per core) family 6 model 141 stepping 1 microcode 0x34, cx8, cmov, fxsr, ht, mmx, 3dnowpref, sse, sse2, sse3, ssse3, sse4.1, sse4.2, popcnt, lzcnt, tsc, tscinvbit, avx, avx2, aes, erms, clmul, bmi1, bmi2, adx, avx512f, avx512dq, avx512cd, avx512bw, avx512vl, sha, fma, vzeroupper, avx512_vpopcntdq, avx512_vpclmulqdq, avx512_vaes, avx512_vnni, clflush, clflushopt, clwb, avx512_vbmi2, avx512_vbmi, hv, rdtscp, rdpid, fsrm, gfni, avx512_bitalg, f16c, cet_ibt, cet_ss, avx512_ifma
Processor Information for the first 16 processors :
  Max Mhz: 2304, Current Mhz: 2304, Mhz Limit: 2304

Memory: 4k page, system-wide physical 16063M (660M free)
TotalPageFile size 35286M (AvailPageFile size 31M)
current process WorkingSet (physical memory assigned to process): 351M, peak: 369M
current process commit charge ("private bytes"): 443M, peak: 458M

vm_info: OpenJDK 64-Bit Server VM (21.0.9+10-LTS) for windows-amd64 JRE (21.0.9+10-LTS), built on 2025-10-21T00:00:00Z by "admin" with unknown MS VC++:1942

END.
